mode: set
autoteam/internal/entrypoint/config.go:42.30,47.26 3 0
autoteam/internal/entrypoint/config.go:47.26,49.3 1 0
autoteam/internal/entrypoint/config.go:51.2,60.16 6 0
autoteam/internal/entrypoint/config.go:60.16,62.3 1 0
autoteam/internal/entrypoint/config.go:63.2,67.16 4 0
autoteam/internal/entrypoint/config.go:67.16,69.3 1 0
autoteam/internal/entrypoint/config.go:72.2,76.16 3 0
autoteam/internal/entrypoint/config.go:76.16,78.3 1 0
autoteam/internal/entrypoint/config.go:81.2,83.17 2 0
autoteam/internal/entrypoint/config.go:87.55,88.42 1 0
autoteam/internal/entrypoint/config.go:88.42,90.3 1 0
autoteam/internal/entrypoint/config.go:91.2,91.21 1 0
autoteam/internal/entrypoint/config.go:95.35,96.24 1 0
autoteam/internal/entrypoint/config.go:96.24,98.3 1 0
autoteam/internal/entrypoint/config.go:99.2,99.46 1 0
autoteam/internal/entrypoint/config.go:99.46,101.3 1 0
autoteam/internal/entrypoint/config.go:102.2,102.33 1 0
autoteam/internal/entrypoint/config.go:102.33,104.3 1 0
autoteam/internal/entrypoint/config.go:105.2,105.12 1 0
autoteam/internal/entrypoint/config.go:109.60,111.26 2 0
autoteam/internal/entrypoint/config.go:111.26,113.3 1 0
autoteam/internal/entrypoint/config.go:115.2,116.76 2 0
autoteam/internal/entrypoint/config.go:116.76,118.3 1 0
autoteam/internal/entrypoint/config.go:120.2,120.24 1 0
autoteam/cmd/entrypoint/main.go:32.13,160.63 3 0
autoteam/cmd/entrypoint/main.go:160.63,162.3 1 0
autoteam/cmd/entrypoint/main.go:165.65,170.23 2 0
autoteam/cmd/entrypoint/main.go:170.23,172.3 1 0
autoteam/cmd/entrypoint/main.go:172.8,172.32 1 0
autoteam/cmd/entrypoint/main.go:172.32,174.3 1 0
autoteam/cmd/entrypoint/main.go:176.2,177.16 2 0
autoteam/cmd/entrypoint/main.go:177.16,179.3 1 0
autoteam/cmd/entrypoint/main.go:181.2,182.16 2 0
autoteam/cmd/entrypoint/main.go:182.16,184.3 1 0
autoteam/cmd/entrypoint/main.go:186.2,196.16 4 0
autoteam/cmd/entrypoint/main.go:196.16,199.3 2 0
autoteam/cmd/entrypoint/main.go:202.2,203.19 2 0
autoteam/cmd/entrypoint/main.go:203.19,206.3 2 0
autoteam/cmd/entrypoint/main.go:207.2,210.38 2 0
autoteam/cmd/entrypoint/main.go:210.38,213.3 2 0
autoteam/cmd/entrypoint/main.go:215.2,228.12 6 0
autoteam/cmd/entrypoint/main.go:228.12,232.3 3 0
autoteam/cmd/entrypoint/main.go:236.2,241.90 2 0
autoteam/cmd/entrypoint/main.go:241.90,243.3 1 0
autoteam/cmd/entrypoint/main.go:246.2,251.84 2 0
autoteam/cmd/entrypoint/main.go:251.84,253.3 1 0
autoteam/cmd/entrypoint/main.go:256.2,262.16 5 0
autoteam/cmd/entrypoint/main.go:262.16,265.3 2 0
autoteam/cmd/entrypoint/main.go:266.2,272.16 5 0
autoteam/cmd/entrypoint/main.go:272.16,275.3 2 0
autoteam/cmd/entrypoint/main.go:276.2,281.88 4 0
autoteam/cmd/entrypoint/main.go:281.88,283.3 1 0
autoteam/cmd/entrypoint/main.go:288.2,303.23 5 0
autoteam/cmd/entrypoint/main.go:307.73,330.2 11 0
autoteam/cmd/entrypoint/main.go:333.49,334.17 1 0
autoteam/cmd/entrypoint/main.go:334.17,336.3 1 0
autoteam/cmd/entrypoint/main.go:337.2,339.27 2 0
autoteam/cmd/entrypoint/main.go:339.27,341.3 1 0
autoteam/cmd/entrypoint/main.go:342.2,342.13 1 0
autoteam/cmd/entrypoint/main.go:346.57,347.17 1 0
autoteam/cmd/entrypoint/main.go:347.17,349.3 1 0
autoteam/cmd/entrypoint/main.go:351.2,353.29 3 0
autoteam/cmd/entrypoint/main.go:353.29,354.74 1 0
autoteam/cmd/entrypoint/main.go:354.74,356.4 1 0
autoteam/cmd/entrypoint/main.go:358.2,358.15 1 0
autoteam/internal/task/log_stream.go:24.61,29.2 2 0
autoteam/internal/task/log_stream.go:33.55,37.21 3 0
autoteam/internal/task/log_stream.go:37.21,39.3 1 0
autoteam/internal/task/log_stream.go:39.8,41.3 1 0
autoteam/internal/task/log_stream.go:44.2,58.27 7 0
autoteam/internal/task/log_stream.go:58.27,62.3 2 0
autoteam/internal/task/log_stream.go:65.2,65.22 1 0
autoteam/internal/task/log_stream.go:65.22,67.3 1 0
autoteam/internal/task/log_stream.go:69.2,69.19 1 0
autoteam/internal/task/log_stream.go:73.105,77.53 2 0
autoteam/internal/task/log_stream.go:77.53,79.3 1 0
autoteam/internal/task/log_stream.go:82.2,95.16 7 0
autoteam/internal/task/log_stream.go:95.16,97.3 1 0
autoteam/internal/task/log_stream.go:100.2,102.52 2 0
autoteam/internal/task/log_stream.go:102.52,105.3 2 0
autoteam/internal/task/log_stream.go:107.2,107.18 1 0
autoteam/internal/task/log_stream.go:111.35,113.2 1 0
autoteam/internal/task/log_stream.go:122.83,127.2 1 0
autoteam/internal/task/log_stream.go:130.63,132.2 1 0
autoteam/internal/task/log_stream.go:135.42,136.20 1 0
autoteam/internal/task/log_stream.go:136.20,138.3 1 0
autoteam/internal/task/log_stream.go:139.2,139.12 1 0
autoteam/internal/task/parser.go:16.61,22.29 3 0
autoteam/internal/task/parser.go:22.29,26.17 2 0
autoteam/internal/task/parser.go:26.17,27.12 1 0
autoteam/internal/task/parser.go:31.3,37.17 5 0
autoteam/internal/task/parser.go:37.17,38.12 1 0
autoteam/internal/task/parser.go:42.3,52.26 2 0
autoteam/internal/task/parser.go:55.2,55.22 1 0
autoteam/internal/task/parser.go:59.59,63.22 3 0
autoteam/internal/task/parser.go:63.22,65.3 1 0
autoteam/internal/task/parser.go:68.2,70.17 3 0
autoteam/internal/task/parser.go:70.17,72.3 1 0
autoteam/internal/task/parser.go:75.2,79.29 4 0
autoteam/internal/task/parser.go:79.29,83.38 2 0
autoteam/internal/task/parser.go:83.38,86.12 3 0
autoteam/internal/task/parser.go:90.3,90.53 1 0
autoteam/internal/task/parser.go:90.53,96.59 4 0
autoteam/internal/task/parser.go:96.59,98.5 1 0
autoteam/internal/task/parser.go:100.4,102.12 3 0
autoteam/internal/task/parser.go:106.3,106.18 1 0
autoteam/internal/task/parser.go:106.18,108.4 1 0
autoteam/internal/task/parser.go:112.2,113.50 2 0
autoteam/internal/task/parser.go:113.50,115.3 1 0
autoteam/internal/task/parser.go:117.2,117.56 1 0
autoteam/internal/task/parser.go:121.36,122.19 1 0
autoteam/internal/task/parser.go:122.19,124.3 1 0
autoteam/internal/task/parser.go:125.2,125.21 1 0
autoteam/internal/task/parser.go:125.21,127.3 1 0
autoteam/internal/task/parser.go:128.2,128.22 1 0
autoteam/internal/task/parser.go:128.22,130.3 1 0
autoteam/internal/task/parser.go:131.2,131.28 1 0
autoteam/internal/task/parser.go:131.28,133.3 1 0
autoteam/internal/task/parser.go:134.2,134.44 1 0
autoteam/internal/task/parser.go:134.44,136.3 1 0
autoteam/internal/task/parser.go:138.2,138.12 1 0
autoteam/internal/task/parser.go:142.38,144.2 1 0
autoteam/internal/task/parser.go:147.65,153.22 3 0
autoteam/internal/task/parser.go:153.22,155.3 1 0
autoteam/internal/task/parser.go:157.2,161.69 3 0
autoteam/internal/task/parser.go:161.69,163.3 1 0
autoteam/internal/task/parser.go:166.2,167.29 2 0
autoteam/internal/task/parser.go:167.29,169.22 2 0
autoteam/internal/task/parser.go:169.22,171.4 1 0
autoteam/internal/task/parser.go:174.2,174.24 1 0
autoteam/internal/task/parser.go:179.62,182.18 2 0
autoteam/internal/task/parser.go:182.18,184.3 1 0
autoteam/internal/task/parser.go:187.2,188.16 2 0
autoteam/internal/task/parser.go:188.16,190.33 1 0
autoteam/internal/task/parser.go:190.33,192.4 1 0
autoteam/internal/task/parser.go:193.3,193.24 1 0
autoteam/internal/task/parser.go:197.2,199.29 2 0
autoteam/internal/task/parser.go:199.29,203.17 2 0
autoteam/internal/task/parser.go:203.17,204.12 1 0
autoteam/internal/task/parser.go:208.3,208.60 1 0
autoteam/internal/task/parser.go:208.60,209.12 1 0
autoteam/internal/task/parser.go:213.3,216.17 2 0
autoteam/internal/task/parser.go:216.17,217.12 1 0
autoteam/internal/task/parser.go:221.3,221.30 1 0
autoteam/internal/task/parser.go:224.2,224.23 1 0
autoteam/internal/task/parser.go:228.40,246.2 10 0
autoteam/internal/task/parser.go:249.60,251.64 2 0
autoteam/internal/task/parser.go:251.64,253.3 1 0
autoteam/internal/task/parser.go:254.2,254.24 1 0
autoteam/internal/task/parser.go:258.65,262.42 2 0
autoteam/internal/task/parser.go:262.42,273.3 2 0
autoteam/internal/task/parser.go:275.2,275.17 1 0
autoteam/internal/task/prompts.go:57.60,59.2 1 0
autoteam/internal/task/service.go:21.49,25.2 1 0
autoteam/internal/task/service.go:28.70,33.16 3 0
autoteam/internal/task/service.go:33.16,34.25 1 0
autoteam/internal/task/service.go:34.25,37.4 2 0
autoteam/internal/task/service.go:38.3,38.63 1 0
autoteam/internal/task/service.go:42.2,43.16 2 0
autoteam/internal/task/service.go:43.16,48.73 3 0
autoteam/internal/task/service.go:48.73,49.91 1 0
autoteam/internal/task/service.go:49.91,56.75 2 0
autoteam/internal/task/service.go:56.75,59.6 2 0
autoteam/internal/task/service.go:59.11,61.6 1 0
autoteam/internal/task/service.go:63.5,63.32 1 0
autoteam/internal/task/service.go:64.10,66.5 1 0
autoteam/internal/task/service.go:67.9,69.4 1 0
autoteam/internal/task/service.go:72.3,73.29 2 0
autoteam/internal/task/service.go:76.2,81.23 2 0
autoteam/internal/task/service.go:85.78,89.73 2 0
autoteam/internal/task/service.go:89.73,91.3 1 0
autoteam/internal/task/service.go:94.2,94.22 1 0
autoteam/internal/task/service.go:94.22,96.3 1 0
autoteam/internal/task/service.go:99.2,100.16 2 0
autoteam/internal/task/service.go:100.16,102.3 1 0
autoteam/internal/task/service.go:105.2,105.20 1 0
autoteam/internal/task/service.go:105.20,107.3 1 0
autoteam/internal/task/service.go:110.2,114.52 3 0
autoteam/internal/task/service.go:114.52,115.65 1 0
autoteam/internal/task/service.go:115.65,117.4 1 0
autoteam/internal/task/service.go:121.2,121.59 1 0
autoteam/internal/task/service.go:121.59,123.3 1 0
autoteam/internal/task/service.go:126.2,126.61 1 0
autoteam/internal/task/service.go:126.61,130.3 2 0
autoteam/internal/task/service.go:133.2,140.12 3 0
autoteam/internal/task/service.go:144.51,146.16 2 0
autoteam/internal/task/service.go:146.16,148.3 1 0
autoteam/internal/task/service.go:149.2,149.44 1 0
autoteam/internal/task/service.go:154.95,159.16 3 0
autoteam/internal/task/service.go:159.16,162.3 2 0
autoteam/internal/task/service.go:164.2,173.50 3 0
autoteam/internal/task/service.go:173.50,175.3 1 0
autoteam/internal/task/service.go:178.2,178.50 1 0
autoteam/internal/task/service.go:178.50,180.3 1 0
autoteam/internal/task/service.go:183.2,183.40 1 0
autoteam/internal/task/service.go:183.40,184.45 1 0
autoteam/internal/task/service.go:184.45,186.4 1 0
autoteam/internal/task/service.go:189.2,194.25 2 0
autoteam/internal/task/service.go:198.100,201.16 2 0
autoteam/internal/task/service.go:201.16,203.3 1 0
autoteam/internal/task/service.go:206.2,206.54 1 0
autoteam/internal/task/service.go:206.54,208.3 1 0
autoteam/internal/task/service.go:210.2,210.25 1 0
autoteam/internal/task/service.go:214.88,219.16 3 0
autoteam/internal/task/service.go:219.16,221.3 1 0
autoteam/internal/task/service.go:224.2,224.50 1 0
autoteam/internal/task/service.go:224.50,228.3 2 0
autoteam/internal/task/service.go:231.2,234.52 2 0
autoteam/internal/task/service.go:234.52,236.3 1 0
autoteam/internal/task/service.go:238.2,243.12 2 0
autoteam/internal/task/service.go:247.58,250.2 2 0
autoteam/internal/task/service.go:253.41,255.2 1 0
autoteam/internal/task/service.go:258.69,260.2 1 0
autoteam/internal/task/types.go:60.100,72.2 1 0
autoteam/internal/task/types.go:75.30,80.2 1 0
autoteam/internal/task/types.go:83.40,85.2 1 0
autoteam/internal/task/types.go:88.52,89.24 1 0
autoteam/internal/task/types.go:89.24,91.3 1 0
autoteam/internal/task/types.go:93.2,94.37 2 0
autoteam/internal/task/types.go:94.37,95.58 1 0
autoteam/internal/task/types.go:95.58,97.4 1 0
autoteam/internal/task/types.go:100.2,100.28 1 0
autoteam/internal/task/types.go:104.59,106.32 2 0
autoteam/internal/task/types.go:106.32,107.32 1 0
autoteam/internal/task/types.go:107.32,109.4 1 0
autoteam/internal/task/types.go:111.2,111.17 1 0
autoteam/internal/task/types.go:115.58,117.32 2 0
autoteam/internal/task/types.go:117.32,118.28 1 0
autoteam/internal/task/types.go:118.28,120.4 1 0
autoteam/internal/task/types.go:122.2,122.17 1 0
autoteam/internal/task/types.go:126.62,128.32 2 0
autoteam/internal/task/types.go:128.32,129.32 1 0
autoteam/internal/task/types.go:129.32,131.4 1 0
autoteam/internal/task/types.go:133.2,133.17 1 0
autoteam/internal/task/types.go:137.33,139.2 1 0
autoteam/internal/task/types.go:142.36,144.2 1 0
autoteam/internal/task/types.go:147.32,152.2 1 0
autoteam/internal/task/types.go:155.47,156.16 1 0
autoteam/internal/task/types.go:156.16,158.3 1 0
autoteam/internal/task/types.go:162.46,164.35 1 0
autoteam/internal/task/types.go:164.35,165.23 1 0
autoteam/internal/task/types.go:165.23,167.9 2 0
autoteam/internal/task/types.go:171.2,171.33 1 0
autoteam/internal/task/types.go:175.38,177.2 1 0
autoteam/internal/task/types.go:180.38,182.2 1 0
autoteam/internal/task/types.go:185.38,187.2 1 0
autoteam/internal/task/types.go:190.47,191.16 1 0
autoteam/internal/task/types.go:191.16,193.3 1 0
autoteam/internal/task/types.go:197.57,198.35 1 0
autoteam/internal/task/types.go:198.35,199.23 1 0
autoteam/internal/task/types.go:199.23,201.4 1 0
autoteam/internal/task/types.go:203.2,203.14 1 0
autoteam/internal/monitor/loop.go:39.119,53.2 3 0
autoteam/internal/monitor/loop.go:56.80,59.2 2 0
autoteam/internal/monitor/loop.go:62.52,74.47 4 0
autoteam/internal/monitor/loop.go:74.47,76.3 1 0
autoteam/internal/monitor/loop.go:79.2,82.6 3 0
autoteam/internal/monitor/loop.go:82.6,83.10 1 0
autoteam/internal/monitor/loop.go:84.21,86.20 2 0
autoteam/internal/monitor/loop.go:88.19,90.54 1 0
autoteam/internal/monitor/loop.go:90.54,92.5 1 0
autoteam/internal/monitor/loop.go:98.67,104.16 4 0
autoteam/internal/monitor/loop.go:104.16,106.3 1 0
autoteam/internal/monitor/loop.go:108.2,108.21 1 0
autoteam/internal/monitor/loop.go:108.21,111.3 2 0
autoteam/internal/monitor/loop.go:113.2,118.49 2 0
autoteam/internal/monitor/loop.go:122.97,128.67 4 0
autoteam/internal/monitor/loop.go:128.67,131.3 2 0
autoteam/internal/monitor/loop.go:131.8,134.3 2 0
autoteam/internal/monitor/loop.go:137.2,170.19 7 0
autoteam/internal/monitor/loop.go:170.19,171.102 1 0
autoteam/internal/monitor/loop.go:171.102,173.4 1 0
autoteam/internal/monitor/loop.go:176.2,176.16 1 0
autoteam/internal/monitor/loop.go:176.16,180.3 2 0
autoteam/internal/monitor/loop.go:183.2,184.16 2 0
autoteam/internal/monitor/loop.go:184.16,192.3 2 0
autoteam/internal/monitor/loop.go:195.2,196.16 2 0
autoteam/internal/monitor/loop.go:196.16,199.3 2 0
autoteam/internal/monitor/loop.go:202.2,213.22 3 0
autoteam/internal/monitor/loop.go:217.84,220.2 2 0
autoteam/internal/monitor/loop.go:223.104,227.66 2 0
autoteam/internal/monitor/loop.go:227.66,229.3 1 0
autoteam/internal/monitor/loop.go:232.2,233.16 2 0
autoteam/internal/monitor/loop.go:233.16,235.3 1 0
autoteam/internal/monitor/loop.go:238.2,238.59 1 0
autoteam/internal/monitor/loop.go:238.59,240.3 1 0
autoteam/internal/monitor/loop.go:242.2,247.12 2 0
autoteam/internal/monitor/loop.go:251.95,255.66 2 0
autoteam/internal/monitor/loop.go:255.66,257.3 1 0
autoteam/internal/monitor/loop.go:260.2,265.18 4 0
autoteam/internal/monitor/loop.go:265.18,267.3 1 0
autoteam/internal/monitor/loop.go:267.8,269.3 1 0
autoteam/internal/monitor/loop.go:270.2,274.18 3 0
autoteam/internal/monitor/loop.go:274.18,276.3 1 0
autoteam/internal/monitor/loop.go:276.8,278.3 1 0
autoteam/internal/monitor/loop.go:279.2,282.70 2 0
autoteam/internal/monitor/loop.go:282.70,284.3 1 0
autoteam/internal/monitor/loop.go:286.2,291.12 2 0
autoteam/internal/monitor/loop.go:295.53,296.25 1 0
autoteam/internal/monitor/loop.go:296.25,298.3 1 0
autoteam/internal/monitor/loop.go:299.2,299.32 1 0
autoteam/internal/monitor/loop.go:303.95,308.32 3 0
autoteam/internal/monitor/loop.go:308.32,311.3 2 0
autoteam/internal/monitor/loop.go:313.2,322.69 3 0
autoteam/internal/monitor/loop.go:322.69,326.3 2 0
autoteam/internal/monitor/loop.go:326.8,330.3 2 0
autoteam/internal/monitor/loop.go:333.2,354.19 6 0
autoteam/internal/monitor/loop.go:354.19,355.106 1 0
autoteam/internal/monitor/loop.go:355.106,357.4 1 0
autoteam/internal/monitor/loop.go:360.2,360.16 1 0
autoteam/internal/monitor/loop.go:360.16,366.3 2 0
autoteam/internal/monitor/loop.go:368.2,374.94 2 0
autoteam/internal/monitor/loop.go:374.94,378.3 1 0
autoteam/internal/monitor/loop.go:380.2,380.12 1 0
autoteam/internal/monitor/loop.go:384.62,388.72 2 0
autoteam/internal/monitor/loop.go:388.72,390.53 2 0
autoteam/internal/monitor/loop.go:390.53,392.4 1 0
autoteam/internal/monitor/loop.go:396.2,396.71 1 0
autoteam/internal/monitor/loop.go:396.71,398.53 2 0
autoteam/internal/monitor/loop.go:398.53,400.4 1 0
autoteam/internal/monitor/loop.go:403.2,403.12 1 0
autoteam/internal/monitor/loop.go:408.140,413.16 3 0
autoteam/internal/monitor/loop.go:413.16,414.25 1 0
autoteam/internal/monitor/loop.go:414.25,417.4 2 0
autoteam/internal/monitor/loop.go:418.3,418.72 1 0
autoteam/internal/monitor/loop.go:422.2,423.16 2 0
autoteam/internal/monitor/loop.go:423.16,426.3 2 0
autoteam/internal/monitor/loop.go:428.2,437.54 3 0
autoteam/internal/monitor/loop.go:437.54,439.3 1 0
autoteam/internal/monitor/loop.go:442.2,442.54 1 0
autoteam/internal/monitor/loop.go:442.54,444.3 1 0
autoteam/internal/monitor/loop.go:447.2,447.44 1 0
autoteam/internal/monitor/loop.go:447.44,448.45 1 0
autoteam/internal/monitor/loop.go:448.45,450.4 1 0
autoteam/internal/monitor/loop.go:453.2,458.25 2 0
autoteam/internal/monitor/loop.go:462.90,471.16 5 0
autoteam/internal/monitor/loop.go:471.16,472.25 1 0
autoteam/internal/monitor/loop.go:472.25,475.4 2 0
autoteam/internal/monitor/loop.go:476.3,476.58 1 0
autoteam/internal/monitor/loop.go:480.2,481.16 2 0
autoteam/internal/monitor/loop.go:481.16,483.3 1 0
autoteam/internal/monitor/loop.go:486.2,486.50 1 0
autoteam/internal/monitor/loop.go:486.50,490.3 2 0
autoteam/internal/monitor/loop.go:493.2,496.71 2 0
autoteam/internal/monitor/loop.go:496.71,498.3 1 0
autoteam/internal/monitor/loop.go:500.2,505.12 2 0
autoteam/internal/monitor/loop.go:509.53,513.2 2 0
autoteam/internal/monitor/loop.go:516.65,520.2 2 0
autoteam/internal/monitor/loop.go:523.161,531.16 4 0
autoteam/internal/monitor/loop.go:531.16,535.3 2 0
autoteam/internal/monitor/loop.go:536.2,551.19 4 0
autoteam/internal/monitor/loop.go:551.19,553.84 1 0
autoteam/internal/monitor/loop.go:553.84,555.4 1 0
autoteam/internal/monitor/loop.go:556.3,556.26 1 0
autoteam/internal/monitor/loop.go:556.26,557.74 1 0
autoteam/internal/monitor/loop.go:557.74,559.5 1 0
autoteam/internal/monitor/loop.go:560.9,561.72 1 0
autoteam/internal/monitor/loop.go:561.72,563.5 1 0
autoteam/internal/monitor/loop.go:565.3,565.66 1 0
autoteam/internal/monitor/loop.go:565.66,567.4 1 0
autoteam/internal/monitor/loop.go:570.3,570.84 1 0
autoteam/internal/monitor/loop.go:570.84,572.4 1 0
autoteam/internal/monitor/loop.go:573.3,573.26 1 0
autoteam/internal/monitor/loop.go:573.26,574.74 1 0
autoteam/internal/monitor/loop.go:574.74,576.5 1 0
autoteam/internal/monitor/loop.go:577.9,578.72 1 0
autoteam/internal/monitor/loop.go:578.72,580.5 1 0
autoteam/internal/monitor/loop.go:582.3,582.64 1 0
autoteam/internal/monitor/loop.go:582.64,584.4 1 0
autoteam/internal/monitor/loop.go:587.3,588.120 2 0
autoteam/internal/monitor/loop.go:588.120,590.4 1 0
autoteam/internal/monitor/loop.go:592.3,595.49 1 0
autoteam/internal/monitor/loop.go:598.2,598.20 1 0
autoteam/internal/deps/installer.go:21.65,25.2 1 0
autoteam/internal/deps/installer.go:28.79,31.27 2 0
autoteam/internal/deps/installer.go:31.27,34.3 2 0
autoteam/internal/deps/installer.go:36.2,39.55 2 0
autoteam/internal/deps/installer.go:39.55,41.3 1 0
autoteam/internal/deps/installer.go:44.2,44.39 1 0
autoteam/internal/deps/installer.go:44.39,45.78 1 0
autoteam/internal/deps/installer.go:45.78,47.4 1 0
autoteam/internal/deps/installer.go:50.2,51.12 2 0
autoteam/internal/deps/installer.go:55.74,58.2 2 0
autoteam/internal/deps/installer.go:61.89,66.55 3 0
autoteam/internal/deps/installer.go:66.55,68.3 1 0
autoteam/internal/deps/installer.go:71.2,71.39 1 0
autoteam/internal/deps/installer.go:71.39,72.78 1 0
autoteam/internal/deps/installer.go:72.78,74.4 1 0
autoteam/internal/deps/installer.go:77.2,78.12 2 0
autoteam/internal/deps/installer.go:82.72,86.31 2 0
autoteam/internal/deps/installer.go:86.31,88.3 1 0
autoteam/internal/deps/installer.go:89.2,92.30 2 0
autoteam/internal/deps/installer.go:92.30,94.3 1 0
autoteam/internal/deps/installer.go:95.2,97.12 2 0
autoteam/internal/deps/installer.go:101.106,105.61 2 0
autoteam/internal/deps/installer.go:105.61,107.3 1 0
autoteam/internal/deps/installer.go:109.2,110.12 2 0
autoteam/internal/logger/logger.go:23.52,24.32 1 0
autoteam/internal/logger/logger.go:25.15,26.25 1 0
autoteam/internal/logger/logger.go:27.14,28.24 1 0
autoteam/internal/logger/logger.go:29.25,30.24 1 0
autoteam/internal/logger/logger.go:31.15,32.25 1 0
autoteam/internal/logger/logger.go:33.10,34.63 1 0
autoteam/internal/logger/logger.go:39.44,40.11 1 0
autoteam/internal/logger/logger.go:41.18,42.28 1 0
autoteam/internal/logger/logger.go:43.17,44.27 1 0
autoteam/internal/logger/logger.go:45.17,46.27 1 0
autoteam/internal/logger/logger.go:47.18,48.28 1 0
autoteam/internal/logger/logger.go:49.10,50.27 1 0
autoteam/internal/logger/logger.go:59.53,73.2 10 0
autoteam/internal/logger/logger.go:76.74,78.2 1 0
autoteam/internal/logger/logger.go:82.51,83.58 1 0
autoteam/internal/logger/logger.go:83.58,85.3 1 0
autoteam/internal/logger/logger.go:88.2,89.16 2 0
autoteam/internal/logger/logger.go:89.16,92.3 1 0
autoteam/internal/logger/logger.go:93.2,93.15 1 0
autoteam/internal/logger/logger.go:97.81,99.16 2 0
autoteam/internal/logger/logger.go:99.16,101.3 1 0
autoteam/internal/logger/logger.go:103.2,103.37 1 0
autoteam/internal/agent/claude_code.go:29.60,35.2 1 0
autoteam/internal/agent/claude_code.go:38.107,44.2 1 0
autoteam/internal/agent/claude_code.go:47.36,49.2 1 0
autoteam/internal/agent/claude_code.go:52.36,54.2 1 0
autoteam/internal/agent/claude_code.go:57.104,61.38 2 0
autoteam/internal/agent/claude_code.go:61.38,63.3 1 0
autoteam/internal/agent/claude_code.go:66.2,71.21 5 0
autoteam/internal/agent/claude_code.go:71.21,73.3 1 0
autoteam/internal/agent/claude_code.go:75.2,75.53 1 0
autoteam/internal/agent/claude_code.go:75.53,80.42 3 0
autoteam/internal/agent/claude_code.go:80.42,82.4 1 0
autoteam/internal/agent/claude_code.go:85.3,103.35 9 0
autoteam/internal/agent/claude_code.go:103.35,116.24 4 0
autoteam/internal/agent/claude_code.go:116.24,118.5 1 0
autoteam/internal/agent/claude_code.go:121.4,121.28 1 0
autoteam/internal/agent/claude_code.go:121.28,124.12 3 0
autoteam/internal/agent/claude_code.go:125.23,126.34 1 0
autoteam/internal/agent/claude_code.go:127.32,128.14 1 0
autoteam/internal/agent/claude_code.go:131.9,141.4 3 0
autoteam/internal/agent/claude_code.go:144.2,144.94 1 0
autoteam/internal/agent/claude_code.go:148.60,151.2 2 0
autoteam/internal/agent/claude_code.go:154.67,158.25 3 0
autoteam/internal/agent/claude_code.go:158.25,160.3 1 0
autoteam/internal/agent/claude_code.go:162.2,163.12 2 0
autoteam/internal/agent/claude_code.go:167.67,170.16 3 0
autoteam/internal/agent/claude_code.go:170.16,172.3 1 0
autoteam/internal/agent/claude_code.go:173.2,173.47 1 0
autoteam/internal/agent/claude_code.go:177.56,182.2 4 0
autoteam/internal/agent/claude_code.go:185.61,194.27 2 0
autoteam/internal/agent/claude_code.go:194.27,197.3 2 0
autoteam/internal/agent/claude_code.go:199.2,199.13 1 0
autoteam/internal/agent/claude_code.go:203.59,205.2 1 0
autoteam/internal/agent/claude_code.go:208.89,211.28 2 0
autoteam/internal/agent/claude_code.go:211.28,214.3 2 0
autoteam/internal/agent/claude_code.go:216.2,219.51 2 0
autoteam/internal/agent/claude_code.go:219.51,221.3 1 0
autoteam/internal/agent/claude_code.go:223.2,224.12 2 0
autoteam/internal/agent/claude_code.go:228.48,232.2 1 0
autoteam/internal/agent/claude_code.go:235.69,242.71 4 0
autoteam/internal/agent/claude_code.go:242.71,244.3 1 0
autoteam/internal/agent/claude_code.go:247.2,248.41 2 0
autoteam/internal/agent/claude_code.go:248.41,253.27 2 0
autoteam/internal/agent/claude_code.go:253.27,255.4 1 0
autoteam/internal/agent/claude_code.go:257.3,257.26 1 0
autoteam/internal/agent/claude_code.go:257.26,259.4 1 0
autoteam/internal/agent/claude_code.go:261.3,261.37 1 0
autoteam/internal/agent/claude_code.go:265.2,271.16 3 0
autoteam/internal/agent/claude_code.go:271.16,273.3 1 0
autoteam/internal/agent/claude_code.go:276.2,276.64 1 0
autoteam/internal/agent/claude_code.go:276.64,278.3 1 0
autoteam/internal/agent/claude_code.go:280.2,284.12 2 0
autoteam/internal/agent/claude_code.go:288.76,290.2 1 0
autoteam/internal/agent/factory.go:18.118,19.26 1 0
autoteam/internal/agent/factory.go:20.27,22.20 2 0
autoteam/internal/agent/factory.go:23.25,25.20 2 0
autoteam/internal/agent/factory.go:26.26,28.20 2 0
autoteam/internal/agent/factory.go:29.10,30.73 1 0
autoteam/internal/agent/factory.go:35.112,38.2 1 0
autoteam/internal/agent/factory.go:41.121,49.2 3 0
autoteam/internal/agent/factory.go:52.40,54.2 1 0
autoteam/internal/agent/factory.go:57.46,59.47 2 0
autoteam/internal/agent/factory.go:59.47,60.33 1 0
autoteam/internal/agent/factory.go:60.33,62.4 1 0
autoteam/internal/agent/factory.go:64.2,64.14 1 0
autoteam/internal/agent/gemini_cli.go:31.58,39.2 1 0
autoteam/internal/agent/gemini_cli.go:42.105,50.2 1 0
autoteam/internal/agent/gemini_cli.go:53.125,67.36 4 0
autoteam/internal/agent/gemini_cli.go:67.36,69.3 1 0
autoteam/internal/agent/gemini_cli.go:71.2,71.14 1 0
autoteam/internal/agent/gemini_cli.go:75.35,77.2 1 0
autoteam/internal/agent/gemini_cli.go:80.35,82.2 1 0
autoteam/internal/agent/gemini_cli.go:85.103,94.21 6 0
autoteam/internal/agent/gemini_cli.go:94.21,96.3 1 0
autoteam/internal/agent/gemini_cli.go:98.2,98.53 1 0
autoteam/internal/agent/gemini_cli.go:98.53,108.42 4 0
autoteam/internal/agent/gemini_cli.go:108.42,110.4 1 0
autoteam/internal/agent/gemini_cli.go:113.3,120.37 3 0
autoteam/internal/agent/gemini_cli.go:120.37,122.4 1 0
autoteam/internal/agent/gemini_cli.go:122.9,125.4 1 0
autoteam/internal/agent/gemini_cli.go:128.3,140.32 6 0
autoteam/internal/agent/gemini_cli.go:140.32,142.4 1 0
autoteam/internal/agent/gemini_cli.go:144.3,144.35 1 0
autoteam/internal/agent/gemini_cli.go:144.35,157.24 4 0
autoteam/internal/agent/gemini_cli.go:157.24,159.5 1 0
autoteam/internal/agent/gemini_cli.go:162.4,162.28 1 0
autoteam/internal/agent/gemini_cli.go:162.28,165.12 3 0
autoteam/internal/agent/gemini_cli.go:166.23,167.34 1 0
autoteam/internal/agent/gemini_cli.go:168.32,169.14 1 0
autoteam/internal/agent/gemini_cli.go:172.9,182.4 3 0
autoteam/internal/agent/gemini_cli.go:185.2,185.94 1 0
autoteam/internal/agent/gemini_cli.go:189.59,192.2 2 0
autoteam/internal/agent/gemini_cli.go:195.66,199.25 3 0
autoteam/internal/agent/gemini_cli.go:199.25,201.3 1 0
autoteam/internal/agent/gemini_cli.go:203.2,204.12 2 0
autoteam/internal/agent/gemini_cli.go:208.66,211.16 3 0
autoteam/internal/agent/gemini_cli.go:211.16,213.3 1 0
autoteam/internal/agent/gemini_cli.go:214.2,214.47 1 0
autoteam/internal/agent/gemini_cli.go:218.60,232.2 4 0
autoteam/internal/agent/gemini_cli.go:235.58,237.2 1 0
autoteam/internal/agent/gemini_cli.go:240.88,243.28 2 0
autoteam/internal/agent/gemini_cli.go:243.28,246.3 2 0
autoteam/internal/agent/gemini_cli.go:248.2,251.51 2 0
autoteam/internal/agent/gemini_cli.go:251.51,253.3 1 0
autoteam/internal/agent/gemini_cli.go:255.2,256.12 2 0
autoteam/internal/agent/gemini_cli.go:261.47,265.2 1 0
autoteam/internal/agent/gemini_cli.go:268.68,275.71 4 0
autoteam/internal/agent/gemini_cli.go:275.71,277.3 1 0
autoteam/internal/agent/gemini_cli.go:280.2,283.65 2 0
autoteam/internal/agent/gemini_cli.go:283.65,284.69 1 0
autoteam/internal/agent/gemini_cli.go:284.69,287.4 2 0
autoteam/internal/agent/gemini_cli.go:291.2,292.41 2 0
autoteam/internal/agent/gemini_cli.go:292.41,297.27 2 0
autoteam/internal/agent/gemini_cli.go:297.27,299.4 1 0
autoteam/internal/agent/gemini_cli.go:301.3,301.26 1 0
autoteam/internal/agent/gemini_cli.go:301.26,303.4 1 0
autoteam/internal/agent/gemini_cli.go:305.3,305.37 1 0
autoteam/internal/agent/gemini_cli.go:309.2,313.16 3 0
autoteam/internal/agent/gemini_cli.go:313.16,315.3 1 0
autoteam/internal/agent/gemini_cli.go:318.2,318.64 1 0
autoteam/internal/agent/gemini_cli.go:318.64,320.3 1 0
autoteam/internal/agent/gemini_cli.go:322.2,326.12 2 0
autoteam/internal/agent/gemini_cli.go:330.75,332.2 1 0
autoteam/internal/agent/qwen_code.go:31.56,39.2 1 0
autoteam/internal/agent/qwen_code.go:42.103,50.2 1 0
autoteam/internal/agent/qwen_code.go:53.123,67.36 4 0
autoteam/internal/agent/qwen_code.go:67.36,69.3 1 0
autoteam/internal/agent/qwen_code.go:71.2,71.14 1 0
autoteam/internal/agent/qwen_code.go:75.34,77.2 1 0
autoteam/internal/agent/qwen_code.go:80.34,82.2 1 0
autoteam/internal/agent/qwen_code.go:85.102,94.21 6 0
autoteam/internal/agent/qwen_code.go:94.21,96.3 1 0
autoteam/internal/agent/qwen_code.go:98.2,98.53 1 0
autoteam/internal/agent/qwen_code.go:98.53,103.42 3 0
autoteam/internal/agent/qwen_code.go:103.42,105.4 1 0
autoteam/internal/agent/qwen_code.go:108.3,115.37 3 0
autoteam/internal/agent/qwen_code.go:115.37,117.4 1 0
autoteam/internal/agent/qwen_code.go:117.9,122.4 3 0
autoteam/internal/agent/qwen_code.go:124.3,131.32 5 0
autoteam/internal/agent/qwen_code.go:131.32,133.4 1 0
autoteam/internal/agent/qwen_code.go:135.3,135.35 1 0
autoteam/internal/agent/qwen_code.go:135.35,148.24 4 0
autoteam/internal/agent/qwen_code.go:148.24,150.5 1 0
autoteam/internal/agent/qwen_code.go:153.4,153.28 1 0
autoteam/internal/agent/qwen_code.go:153.28,156.12 3 0
autoteam/internal/agent/qwen_code.go:157.23,158.34 1 0
autoteam/internal/agent/qwen_code.go:159.32,160.14 1 0
autoteam/internal/agent/qwen_code.go:163.9,173.4 3 0
autoteam/internal/agent/qwen_code.go:176.2,176.94 1 0
autoteam/internal/agent/qwen_code.go:180.58,183.2 2 0
autoteam/internal/agent/qwen_code.go:186.65,190.25 3 0
autoteam/internal/agent/qwen_code.go:190.25,192.3 1 0
autoteam/internal/agent/qwen_code.go:194.2,195.12 2 0
autoteam/internal/agent/qwen_code.go:199.65,202.16 3 0
autoteam/internal/agent/qwen_code.go:202.16,204.3 1 0
autoteam/internal/agent/qwen_code.go:205.2,205.47 1 0
autoteam/internal/agent/qwen_code.go:209.59,222.2 4 0
autoteam/internal/agent/qwen_code.go:225.57,227.2 1 0
autoteam/internal/agent/qwen_code.go:230.87,233.28 2 0
autoteam/internal/agent/qwen_code.go:233.28,236.3 2 0
autoteam/internal/agent/qwen_code.go:238.2,241.51 2 0
autoteam/internal/agent/qwen_code.go:241.51,243.3 1 0
autoteam/internal/agent/qwen_code.go:245.2,246.12 2 0
autoteam/internal/agent/qwen_code.go:251.46,255.2 1 0
autoteam/internal/agent/qwen_code.go:258.67,265.71 4 0
autoteam/internal/agent/qwen_code.go:265.71,267.3 1 0
autoteam/internal/agent/qwen_code.go:270.2,273.65 2 0
autoteam/internal/agent/qwen_code.go:273.65,274.67 1 0
autoteam/internal/agent/qwen_code.go:274.67,277.4 2 0
autoteam/internal/agent/qwen_code.go:281.2,282.41 2 0
autoteam/internal/agent/qwen_code.go:282.41,287.27 2 0
autoteam/internal/agent/qwen_code.go:287.27,289.4 1 0
autoteam/internal/agent/qwen_code.go:291.3,291.26 1 0
autoteam/internal/agent/qwen_code.go:291.26,293.4 1 0
autoteam/internal/agent/qwen_code.go:295.3,295.37 1 0
autoteam/internal/agent/qwen_code.go:299.2,303.16 3 0
autoteam/internal/agent/qwen_code.go:303.16,305.3 1 0
autoteam/internal/agent/qwen_code.go:308.2,308.64 1 0
autoteam/internal/agent/qwen_code.go:308.64,310.3 1 0
autoteam/internal/agent/qwen_code.go:312.2,316.12 2 0
autoteam/internal/agent/qwen_code.go:320.74,322.2 1 0
autoteam/internal/testutil/testutil.go:10.41,14.16 3 0
autoteam/internal/testutil/testutil.go:14.16,16.3 1 0
autoteam/internal/testutil/testutil.go:18.2,18.19 1 0
autoteam/internal/testutil/testutil.go:18.19,20.3 1 0
autoteam/internal/testutil/testutil.go:22.2,22.16 1 0
autoteam/internal/testutil/testutil.go:26.73,30.70 3 0
autoteam/internal/testutil/testutil.go:30.70,32.3 1 0
autoteam/internal/testutil/testutil.go:34.2,34.17 1 0
autoteam/internal/testutil/testutil.go:38.35,41.2 2 0
autoteam/internal/testutil/testutil.go:44.34,46.16 2 0
autoteam/internal/testutil/testutil.go:46.16,48.3 1 0
autoteam/internal/testutil/testutil.go:49.2,49.21 1 0
autoteam/internal/testutil/testutil.go:53.49,57.16 3 0
autoteam/internal/testutil/testutil.go:57.16,59.3 1 0
autoteam/internal/testutil/testutil.go:61.2,61.24 1 0
autoteam/internal/generator/fileops.go:15.42,17.2 1 1
autoteam/internal/generator/fileops.go:20.79,21.45 1 1
autoteam/internal/generator/fileops.go:21.45,23.3 1 0
autoteam/internal/generator/fileops.go:25.2,25.48 1 1
autoteam/internal/generator/fileops.go:25.48,27.3 1 0
autoteam/internal/generator/fileops.go:29.2,29.12 1 1
autoteam/internal/generator/fileops.go:33.60,34.45 1 1
autoteam/internal/generator/fileops.go:34.45,36.3 1 0
autoteam/internal/generator/fileops.go:38.2,38.42 1 1
autoteam/internal/generator/fileops.go:38.42,39.44 1 0
autoteam/internal/generator/fileops.go:39.44,41.4 1 0
autoteam/internal/generator/fileops.go:44.2,44.12 1 1
autoteam/internal/generator/fileops.go:48.100,49.45 1 0
autoteam/internal/generator/fileops.go:49.45,51.3 1 0
autoteam/internal/generator/fileops.go:53.2,53.49 1 0
autoteam/internal/generator/fileops.go:53.49,54.59 1 0
autoteam/internal/generator/fileops.go:54.59,56.4 1 0
autoteam/internal/generator/fileops.go:59.2,59.12 1 0
autoteam/internal/generator/fileops.go:63.63,64.44 1 1
autoteam/internal/generator/fileops.go:64.44,66.3 1 0
autoteam/internal/generator/fileops.go:67.2,67.44 1 1
autoteam/internal/generator/fileops.go:67.44,69.3 1 0
autoteam/internal/generator/fileops.go:72.2,72.63 1 1
autoteam/internal/generator/fileops.go:72.63,74.3 1 0
autoteam/internal/generator/fileops.go:77.2,78.16 2 1
autoteam/internal/generator/fileops.go:78.16,80.3 1 0
autoteam/internal/generator/fileops.go:83.2,83.32 1 1
autoteam/internal/generator/fileops.go:83.32,87.20 3 1
autoteam/internal/generator/fileops.go:87.20,89.60 1 0
autoteam/internal/generator/fileops.go:89.60,91.5 1 0
autoteam/internal/generator/fileops.go:92.9,94.55 1 1
autoteam/internal/generator/fileops.go:94.55,96.5 1 0
autoteam/internal/generator/fileops.go:100.2,100.12 1 1
autoteam/internal/generator/fileops.go:104.58,105.44 1 1
autoteam/internal/generator/fileops.go:105.44,107.3 1 0
autoteam/internal/generator/fileops.go:108.2,108.44 1 1
autoteam/internal/generator/fileops.go:108.44,110.3 1 0
autoteam/internal/generator/fileops.go:113.2,114.16 2 1
autoteam/internal/generator/fileops.go:114.16,116.3 1 0
autoteam/internal/generator/fileops.go:119.2,120.16 2 1
autoteam/internal/generator/fileops.go:120.16,122.3 1 0
autoteam/internal/generator/fileops.go:125.2,125.67 1 1
autoteam/internal/generator/fileops.go:125.67,127.3 1 0
autoteam/internal/generator/fileops.go:129.2,129.12 1 1
autoteam/internal/generator/fileops.go:133.60,134.45 1 1
autoteam/internal/generator/fileops.go:134.45,136.3 1 0
autoteam/internal/generator/fileops.go:138.2,139.16 2 1
autoteam/internal/generator/fileops.go:139.16,141.3 1 0
autoteam/internal/generator/fileops.go:143.2,143.21 1 1
autoteam/internal/generator/fileops.go:147.58,148.16 1 1
autoteam/internal/generator/fileops.go:148.16,150.3 1 0
autoteam/internal/generator/fileops.go:153.2,154.48 2 1
autoteam/internal/generator/fileops.go:154.48,156.3 1 0
autoteam/internal/generator/fileops.go:158.2,158.12 1 1
autoteam/internal/generator/fileops.go:162.80,166.68 2 1
autoteam/internal/generator/fileops.go:166.68,168.3 1 0
autoteam/internal/generator/fileops.go:170.2,170.12 1 1
autoteam/internal/generator/generator.go:24.23,28.2 1 1
autoteam/internal/generator/generator.go:30.63,32.86 1 1
autoteam/internal/generator/generator.go:32.86,34.3 1 0
autoteam/internal/generator/generator.go:37.2,37.54 1 1
autoteam/internal/generator/generator.go:37.54,39.3 1 0
autoteam/internal/generator/generator.go:42.2,42.51 1 1
autoteam/internal/generator/generator.go:42.51,44.3 1 0
autoteam/internal/generator/generator.go:47.2,47.45 1 1
autoteam/internal/generator/generator.go:47.45,49.3 1 0
autoteam/internal/generator/generator.go:51.2,51.12 1 1
autoteam/internal/generator/generator.go:55.67,63.55 3 1
autoteam/internal/generator/generator.go:63.55,72.30 5 1
autoteam/internal/generator/generator.go:72.30,73.45 1 1
autoteam/internal/generator/generator.go:73.45,75.5 1 1
autoteam/internal/generator/generator.go:79.3,89.58 4 1
autoteam/internal/generator/generator.go:89.58,90.57 1 1
autoteam/internal/generator/generator.go:90.57,92.5 1 1
autoteam/internal/generator/generator.go:92.10,92.73 1 0
autoteam/internal/generator/generator.go:92.73,94.39 1 0
autoteam/internal/generator/generator.go:94.39,95.41 1 0
autoteam/internal/generator/generator.go:95.41,97.7 1 0
autoteam/internal/generator/generator.go:101.3,117.39 11 1
autoteam/internal/generator/generator.go:117.39,119.47 2 0
autoteam/internal/generator/generator.go:119.47,121.5 1 0
autoteam/internal/generator/generator.go:122.4,122.46 1 0
autoteam/internal/generator/generator.go:122.46,124.53 2 0
autoteam/internal/generator/generator.go:124.53,126.6 1 0
autoteam/internal/generator/generator.go:127.5,127.71 1 0
autoteam/internal/generator/generator.go:129.4,129.47 1 0
autoteam/internal/generator/generator.go:129.47,131.5 1 0
autoteam/internal/generator/generator.go:133.3,133.37 1 1
autoteam/internal/generator/generator.go:133.37,135.45 2 0
autoteam/internal/generator/generator.go:135.45,137.5 1 0
autoteam/internal/generator/generator.go:138.4,138.44 1 0
autoteam/internal/generator/generator.go:138.44,140.51 2 0
autoteam/internal/generator/generator.go:140.51,142.6 1 0
autoteam/internal/generator/generator.go:143.5,143.69 1 0
autoteam/internal/generator/generator.go:145.4,145.45 1 0
autoteam/internal/generator/generator.go:145.45,147.5 1 0
autoteam/internal/generator/generator.go:149.3,157.49 5 1
autoteam/internal/generator/generator.go:157.49,159.4 1 0
autoteam/internal/generator/generator.go:162.3,162.31 1 1
autoteam/internal/generator/generator.go:162.31,164.18 2 0
autoteam/internal/generator/generator.go:164.18,166.5 1 0
autoteam/internal/generator/generator.go:167.4,167.55 1 0
autoteam/internal/generator/generator.go:171.3,171.58 1 1
autoteam/internal/generator/generator.go:171.58,173.57 1 0
autoteam/internal/generator/generator.go:173.57,174.30 1 0
autoteam/internal/generator/generator.go:174.30,176.6 1 0
autoteam/internal/generator/generator.go:177.10,177.78 1 0
autoteam/internal/generator/generator.go:177.78,178.39 1 0
autoteam/internal/generator/generator.go:178.39,179.36 1 0
autoteam/internal/generator/generator.go:179.36,181.7 1 0
autoteam/internal/generator/generator.go:185.3,188.70 2 1
autoteam/internal/generator/generator.go:188.70,190.4 1 1
autoteam/internal/generator/generator.go:192.3,192.48 1 1
autoteam/internal/generator/generator.go:196.2,196.25 1 1
autoteam/internal/generator/generator.go:196.25,197.56 1 0
autoteam/internal/generator/generator.go:197.56,199.58 1 0
autoteam/internal/generator/generator.go:199.58,201.5 1 0
autoteam/internal/generator/generator.go:204.4,204.49 1 0
autoteam/internal/generator/generator.go:209.2,210.16 2 1
autoteam/internal/generator/generator.go:210.16,212.3 1 0
autoteam/internal/generator/generator.go:215.2,215.77 1 1
autoteam/internal/generator/generator.go:215.77,217.3 1 0
autoteam/internal/generator/generator.go:219.2,219.12 1 1
autoteam/internal/generator/generator.go:222.46,224.84 1 1
autoteam/internal/generator/generator.go:224.84,226.3 1 0
autoteam/internal/generator/generator.go:229.2,229.70 1 1
autoteam/internal/generator/generator.go:229.70,231.3 1 0
autoteam/internal/generator/generator.go:234.2,235.53 2 1
autoteam/internal/generator/generator.go:235.53,238.51 2 0
autoteam/internal/generator/generator.go:238.51,240.4 1 0
autoteam/internal/generator/generator.go:240.9,242.89 1 0
autoteam/internal/generator/generator.go:242.89,244.5 1 0
autoteam/internal/generator/generator.go:246.4,270.111 3 0
autoteam/internal/generator/generator.go:270.111,272.5 1 0
autoteam/internal/generator/generator.go:274.4,274.14 1 0
autoteam/internal/generator/generator.go:279.2,279.64 1 1
autoteam/internal/generator/generator.go:282.70,283.35 1 1
autoteam/internal/generator/generator.go:283.35,285.25 1 1
autoteam/internal/generator/generator.go:285.25,286.12 1 0
autoteam/internal/generator/generator.go:288.3,289.81 2 1
autoteam/internal/generator/generator.go:289.81,291.4 1 0
autoteam/internal/generator/generator.go:294.2,294.12 1 1
autoteam/internal/generator/templates.go:9.46,15.2 1 0
autoteam/internal/generator/templates.go:18.53,19.16 1 0
autoteam/internal/generator/templates.go:19.16,21.3 1 0
autoteam/internal/generator/templates.go:24.2,28.29 3 0
autoteam/internal/generator/templates.go:28.29,29.17 1 0
autoteam/internal/generator/templates.go:29.17,31.4 1 0
autoteam/internal/generator/templates.go:34.2,34.34 1 0
autoteam/internal/generator/templates.go:39.54,41.2 1 0
autoteam/internal/generator/templates.go:44.60,46.2 1 0
autoteam/internal/config/config.go:62.51,64.16 2 1
autoteam/internal/config/config.go:64.16,66.3 1 1
autoteam/internal/config/config.go:68.2,69.54 2 1
autoteam/internal/config/config.go:69.54,71.3 1 0
autoteam/internal/config/config.go:74.2,74.48 1 1
autoteam/internal/config/config.go:74.48,76.3 1 1
autoteam/internal/config/config.go:79.2,81.21 2 1
autoteam/internal/config/config.go:85.42,87.2 1 0
autoteam/internal/config/config.go:90.49,91.30 1 0
autoteam/internal/config/config.go:91.30,93.3 1 0
autoteam/internal/config/config.go:94.2,94.36 1 0
autoteam/internal/config/config.go:98.52,99.29 1 0
autoteam/internal/config/config.go:99.29,101.17 2 0
autoteam/internal/config/config.go:101.17,103.4 1 0
autoteam/internal/config/config.go:104.3,104.37 1 0
autoteam/internal/config/config.go:106.2,106.28 1 0
autoteam/internal/config/config.go:109.43,111.29 1 1
autoteam/internal/config/config.go:111.29,113.3 1 1
autoteam/internal/config/config.go:116.2,117.38 2 1
autoteam/internal/config/config.go:117.38,118.24 1 1
autoteam/internal/config/config.go:118.24,120.4 1 1
autoteam/internal/config/config.go:123.2,123.23 1 1
autoteam/internal/config/config.go:123.23,125.3 1 1
autoteam/internal/config/config.go:127.2,127.38 1 1
autoteam/internal/config/config.go:127.38,128.23 1 1
autoteam/internal/config/config.go:128.23,130.4 1 1
autoteam/internal/config/config.go:132.3,132.24 1 1
autoteam/internal/config/config.go:132.24,133.26 1 1
autoteam/internal/config/config.go:133.26,135.5 1 1
autoteam/internal/config/config.go:139.2,139.12 1 1
autoteam/internal/config/config.go:142.34,143.42 1 1
autoteam/internal/config/config.go:143.42,145.3 1 1
autoteam/internal/config/config.go:146.2,146.37 1 1
autoteam/internal/config/config.go:146.37,148.3 1 1
autoteam/internal/config/config.go:149.2,149.40 1 1
autoteam/internal/config/config.go:149.40,151.3 1 1
autoteam/internal/config/config.go:153.2,153.36 1 1
autoteam/internal/config/config.go:153.36,158.3 1 1
autoteam/internal/config/config.go:161.48,232.16 3 1
autoteam/internal/config/config.go:232.16,234.3 1 0
autoteam/internal/config/config.go:236.2,236.59 1 1
autoteam/internal/config/config.go:236.59,238.3 1 0
autoteam/internal/config/config.go:240.2,240.12 1 1
autoteam/internal/config/config.go:245.87,246.35 1 1
autoteam/internal/config/config.go:246.35,248.3 1 0
autoteam/internal/config/config.go:249.2,249.19 1 1
autoteam/internal/config/config.go:249.19,251.3 1 0
autoteam/internal/config/config.go:252.2,252.18 1 1
autoteam/internal/config/config.go:252.18,254.3 1 0
autoteam/internal/config/config.go:257.2,260.37 2 1
autoteam/internal/config/config.go:260.37,264.14 2 1
autoteam/internal/config/config.go:264.14,266.12 2 1
autoteam/internal/config/config.go:270.3,270.79 1 1
autoteam/internal/config/config.go:270.79,272.12 2 1
autoteam/internal/config/config.go:276.3,276.27 1 1
autoteam/internal/config/config.go:279.2,279.15 1 1
autoteam/internal/config/config.go:284.69,286.58 1 0
autoteam/internal/config/config.go:286.58,287.57 1 0
autoteam/internal/config/config.go:287.57,290.32 2 0
autoteam/internal/config/config.go:290.32,292.5 1 0
autoteam/internal/config/config.go:294.4,294.31 1 0
autoteam/internal/config/config.go:294.31,296.5 1 0
autoteam/internal/config/config.go:297.4,297.17 1 0
autoteam/internal/config/config.go:302.2,302.63 1 0
autoteam/internal/config/config.go:302.63,303.62 1 0
autoteam/internal/config/config.go:303.62,306.32 2 0
autoteam/internal/config/config.go:306.32,308.5 1 0
autoteam/internal/config/config.go:310.4,310.31 1 0
autoteam/internal/config/config.go:310.31,312.5 1 0
autoteam/internal/config/config.go:313.4,313.17 1 0
autoteam/internal/config/config.go:318.2,318.58 1 0
autoteam/internal/config/config.go:318.58,319.62 1 0
autoteam/internal/config/config.go:319.62,322.32 2 0
autoteam/internal/config/config.go:322.32,324.5 1 0
autoteam/internal/config/config.go:326.4,326.31 1 0
autoteam/internal/config/config.go:326.31,328.5 1 0
autoteam/internal/config/config.go:329.4,329.17 1 0
autoteam/internal/config/config.go:334.2,334.63 1 0
autoteam/internal/config/config.go:334.63,335.57 1 0
autoteam/internal/config/config.go:335.57,338.32 2 0
autoteam/internal/config/config.go:338.32,340.5 1 0
autoteam/internal/config/config.go:342.4,342.31 1 0
autoteam/internal/config/config.go:342.31,344.5 1 0
autoteam/internal/config/config.go:345.4,345.17 1 0
autoteam/internal/config/config.go:350.2,350.12 1 0
autoteam/internal/config/config.go:355.78,357.58 1 1
autoteam/internal/config/config.go:357.58,358.57 1 1
autoteam/internal/config/config.go:358.57,363.4 3 1
autoteam/internal/config/config.go:367.2,367.63 1 1
autoteam/internal/config/config.go:367.63,368.62 1 1
autoteam/internal/config/config.go:368.62,373.38 2 1
autoteam/internal/config/config.go:373.38,376.16 2 1
autoteam/internal/config/config.go:376.16,379.6 1 1
autoteam/internal/config/config.go:379.11,381.96 1 1
autoteam/internal/config/config.go:381.96,383.7 1 1
autoteam/internal/config/config.go:383.12,386.7 1 1
autoteam/internal/config/config.go:389.4,389.17 1 1
autoteam/internal/config/config.go:394.2,394.58 1 1
autoteam/internal/config/config.go:394.58,395.62 1 0
autoteam/internal/config/config.go:395.62,398.32 2 0
autoteam/internal/config/config.go:398.32,400.5 1 0
autoteam/internal/config/config.go:403.4,403.38 1 0
autoteam/internal/config/config.go:403.38,406.16 2 0
autoteam/internal/config/config.go:406.16,408.6 1 0
autoteam/internal/config/config.go:408.11,409.96 1 0
autoteam/internal/config/config.go:409.96,411.7 1 0
autoteam/internal/config/config.go:411.12,413.7 1 0
autoteam/internal/config/config.go:416.4,416.17 1 0
autoteam/internal/config/config.go:421.2,421.63 1 1
autoteam/internal/config/config.go:421.63,422.57 1 0
autoteam/internal/config/config.go:422.57,427.31 2 0
autoteam/internal/config/config.go:427.31,429.5 1 0
autoteam/internal/config/config.go:430.4,430.17 1 0
autoteam/internal/config/config.go:435.2,435.12 1 1
autoteam/internal/config/config.go:439.51,440.27 1 1
autoteam/internal/config/config.go:441.25,442.23 1 0
autoteam/internal/config/config.go:443.30,446.25 2 0
autoteam/internal/config/config.go:446.25,448.4 1 0
autoteam/internal/config/config.go:449.3,449.16 1 0
autoteam/internal/config/config.go:450.16,454.16 3 0
autoteam/internal/config/config.go:455.21,458.25 2 0
autoteam/internal/config/config.go:458.25,460.4 1 0
autoteam/internal/config/config.go:461.3,461.16 1 0
autoteam/internal/config/config.go:462.10,464.15 1 1
autoteam/internal/config/config.go:469.78,470.19 1 1
autoteam/internal/config/config.go:470.19,472.3 1 0
autoteam/internal/config/config.go:474.2,475.33 2 1
autoteam/internal/config/config.go:475.33,477.50 1 1
autoteam/internal/config/config.go:477.50,479.29 2 1
autoteam/internal/config/config.go:479.29,481.5 1 1
autoteam/internal/config/config.go:482.4,482.27 1 1
autoteam/internal/config/config.go:483.9,483.50 1 1
autoteam/internal/config/config.go:483.50,488.4 3 1
autoteam/internal/config/config.go:488.9,491.4 1 1
autoteam/internal/config/config.go:493.2,493.15 1 1
autoteam/internal/config/config.go:498.124,499.89 1 1
autoteam/internal/config/config.go:499.89,501.3 1 1
autoteam/internal/config/config.go:503.2,506.45 2 0
autoteam/internal/config/config.go:506.45,508.3 1 0
autoteam/internal/config/config.go:511.2,511.52 1 0
autoteam/internal/config/config.go:511.52,513.3 1 0
autoteam/internal/config/config.go:516.2,516.44 1 0
autoteam/internal/config/config.go:516.44,518.3 1 0
autoteam/internal/config/config.go:520.2,520.15 1 0
autoteam/internal/config/config.go:524.48,530.24 2 0
autoteam/internal/config/config.go:530.24,533.3 2 0
autoteam/internal/config/config.go:536.2,536.23 1 0
autoteam/internal/config/config.go:536.23,538.3 1 0
autoteam/internal/config/config.go:540.2,540.15 1 0
autoteam/internal/config/config.go:544.69,545.23 1 1
autoteam/internal/config/config.go:545.23,547.3 1 0
autoteam/internal/config/config.go:548.2,548.19 1 1
autoteam/internal/config/config.go:548.19,550.3 1 0
autoteam/internal/config/config.go:551.2,551.12 1 1
autoteam/internal/config/config.go:555.56,556.19 1 1
autoteam/internal/config/config.go:556.19,558.3 1 1
autoteam/internal/config/config.go:560.2,565.24 2 0
autoteam/internal/config/config.go:565.24,568.3 2 0
autoteam/internal/config/config.go:571.2,571.23 1 0
autoteam/internal/config/config.go:571.23,573.3 1 0
autoteam/internal/config/config.go:576.2,576.26 1 0
autoteam/internal/config/config.go:576.26,578.3 1 0
autoteam/internal/config/config.go:580.2,580.15 1 0
autoteam/internal/config/config.go:584.60,587.33 2 1
autoteam/internal/config/config.go:587.33,589.3 1 1
autoteam/internal/config/config.go:590.2,590.28 1 1
autoteam/internal/config/config.go:590.28,592.3 1 1
autoteam/internal/config/config.go:593.2,593.31 1 1
autoteam/internal/config/config.go:593.31,595.3 1 1
autoteam/internal/config/config.go:596.2,596.32 1 1
autoteam/internal/config/config.go:596.32,598.3 1 0
autoteam/internal/config/config.go:599.2,599.31 1 1
autoteam/internal/config/config.go:599.31,601.3 1 0
autoteam/internal/config/config.go:604.2,604.27 1 1
autoteam/internal/config/config.go:604.27,606.3 1 1
autoteam/internal/config/config.go:609.2,609.30 1 1
autoteam/internal/config/config.go:609.30,611.39 2 0
autoteam/internal/config/config.go:611.39,613.4 1 0
autoteam/internal/config/config.go:617.2,620.15 3 1
autoteam/internal/config/config.go:625.82,631.23 3 1
autoteam/internal/config/config.go:631.23,633.3 1 1
autoteam/internal/config/config.go:636.2,636.37 1 1
autoteam/internal/config/config.go:636.37,638.3 1 1
autoteam/internal/config/config.go:639.2,639.32 1 1
autoteam/internal/config/config.go:639.32,641.3 1 1
autoteam/internal/config/config.go:642.2,642.35 1 1
autoteam/internal/config/config.go:642.35,644.3 1 1
autoteam/internal/config/config.go:645.2,645.36 1 1
autoteam/internal/config/config.go:645.36,647.3 1 0
autoteam/internal/config/config.go:648.2,648.35 1 1
autoteam/internal/config/config.go:648.35,650.3 1 0
autoteam/internal/config/config.go:653.2,653.33 1 1
autoteam/internal/config/config.go:653.33,655.3 1 1
autoteam/internal/config/config.go:658.2,664.18 4 1
autoteam/internal/config/config.go:668.74,670.33 2 1
autoteam/internal/config/config.go:670.33,675.3 1 1
autoteam/internal/config/config.go:676.2,676.15 1 1
autoteam/internal/config/config.go:680.78,682.33 2 1
autoteam/internal/config/config.go:682.33,683.24 1 1
autoteam/internal/config/config.go:683.24,688.4 1 1
autoteam/internal/config/config.go:690.2,690.15 1 1
autoteam/internal/config/config.go:699.73,703.28 2 0
autoteam/internal/config/config.go:703.28,705.3 1 0
autoteam/internal/config/config.go:708.2,708.92 1 0
autoteam/internal/config/config.go:708.92,710.3 1 0
autoteam/internal/config/config.go:712.2,712.27 1 0
autoteam/internal/config/config.go:712.27,714.3 1 0
autoteam/internal/config/config.go:716.2,716.42 1 0
autoteam/internal/config/config.go:720.45,736.2 7 1
autoteam/internal/config/config.go:739.44,741.2 1 1
autoteam/internal/config/config.go:745.73,747.21 2 1
autoteam/internal/config/config.go:747.21,749.3 1 1
autoteam/internal/config/config.go:750.2,750.56 1 1
autoteam/internal/config/config.go:754.34,755.22 1 1
autoteam/internal/config/config.go:755.22,757.3 1 1
autoteam/internal/config/config.go:758.2,758.19 1 1
autoteam/internal/config/config.go:762.34,764.2 1 1
autoteam/internal/config/config.go:767.25,769.2 1 1
autoteam/internal/config/config.go:772.28,774.2 1 1
autoteam/internal/config/config.go:777.48,778.28 1 1
autoteam/internal/config/config.go:778.28,780.3 1 1
autoteam/internal/config/config.go:781.2,781.11 1 0
autoteam/internal/config/config.go:784.46,785.23 1 1
autoteam/internal/config/config.go:785.23,787.3 1 1
autoteam/internal/config/config.go:788.2,788.24 1 0
autoteam/internal/config/config.go:791.47,792.26 1 1
autoteam/internal/config/config.go:792.26,794.3 1 1
autoteam/internal/config/config.go:795.2,795.14 1 0
autoteam/internal/config/config.go:798.50,799.27 1 0
autoteam/internal/config/config.go:799.27,801.3 1 0
autoteam/internal/config/config.go:802.2,802.11 1 0
autoteam/internal/config/config.go:805.46,806.26 1 1
autoteam/internal/config/config.go:806.26,808.3 1 1
autoteam/internal/config/config.go:809.2,809.10 1 0
autoteam/internal/config/config.go:813.105,823.2 4 0
autoteam/internal/config/config.go:826.84,828.51 2 0
autoteam/internal/config/config.go:828.51,830.3 1 0
autoteam/internal/config/config.go:831.2,831.12 1 0
autoteam/internal/config/config.go:835.85,837.53 2 0
autoteam/internal/config/config.go:837.53,839.3 1 0
autoteam/internal/config/config.go:840.2,840.12 1 0
autoteam/cmd/autoteam/main.go:31.13,85.63 3 0
autoteam/cmd/autoteam/main.go:85.63,87.84 1 0
autoteam/cmd/autoteam/main.go:87.84,89.4 1 0
autoteam/cmd/autoteam/main.go:89.9,91.4 1 0
autoteam/cmd/autoteam/main.go:95.67,98.16 3 1
autoteam/cmd/autoteam/main.go:98.16,101.3 2 1
autoteam/cmd/autoteam/main.go:103.2,105.49 3 1
autoteam/cmd/autoteam/main.go:105.49,108.3 2 0
autoteam/cmd/autoteam/main.go:110.2,112.12 3 1
autoteam/cmd/autoteam/main.go:115.61,116.50 1 0
autoteam/cmd/autoteam/main.go:116.50,118.3 1 0
autoteam/cmd/autoteam/main.go:120.2,126.85 3 0
autoteam/cmd/autoteam/main.go:126.85,130.3 2 0
autoteam/cmd/autoteam/main.go:132.2,132.55 1 0
autoteam/cmd/autoteam/main.go:132.55,134.3 1 0
autoteam/cmd/autoteam/main.go:136.2,137.12 2 0
autoteam/cmd/autoteam/main.go:140.63,142.54 2 0
autoteam/cmd/autoteam/main.go:142.54,144.3 1 0
autoteam/cmd/autoteam/main.go:146.2,147.12 2 0
autoteam/cmd/autoteam/main.go:150.63,151.67 1 1
autoteam/cmd/autoteam/main.go:151.67,153.3 1 0
autoteam/cmd/autoteam/main.go:155.2,156.12 2 1
autoteam/cmd/autoteam/main.go:159.65,162.16 3 0
autoteam/cmd/autoteam/main.go:162.16,165.3 2 0
autoteam/cmd/autoteam/main.go:167.2,170.35 3 0
autoteam/cmd/autoteam/main.go:170.35,172.25 2 0
autoteam/cmd/autoteam/main.go:172.25,174.4 1 0
autoteam/cmd/autoteam/main.go:176.3,177.25 2 0
autoteam/cmd/autoteam/main.go:177.25,180.40 2 0
autoteam/cmd/autoteam/main.go:180.40,182.25 2 0
autoteam/cmd/autoteam/main.go:182.25,184.6 1 0
autoteam/cmd/autoteam/main.go:185.5,185.42 1 0
autoteam/cmd/autoteam/main.go:188.3,188.16 1 0
autoteam/cmd/autoteam/main.go:192.2,193.35 2 0
autoteam/cmd/autoteam/main.go:193.35,194.24 1 0
autoteam/cmd/autoteam/main.go:194.24,196.4 1 0
autoteam/cmd/autoteam/main.go:198.2,201.12 2 0
autoteam/cmd/autoteam/main.go:204.66,211.52 3 1
autoteam/cmd/autoteam/main.go:211.52,213.3 1 0
autoteam/cmd/autoteam/main.go:215.2,220.18 5 1
autoteam/cmd/autoteam/main.go:224.93,228.16 3 0
autoteam/cmd/autoteam/main.go:228.16,230.3 1 0
autoteam/cmd/autoteam/main.go:232.2,233.16 2 0
autoteam/cmd/autoteam/main.go:233.16,235.3 1 0
autoteam/cmd/autoteam/main.go:237.2,247.46 3 0
autoteam/cmd/autoteam/main.go:247.46,249.3 1 0
autoteam/cmd/autoteam/main.go:251.2,252.16 2 0
autoteam/cmd/autoteam/main.go:252.16,255.3 2 0
autoteam/cmd/autoteam/main.go:257.2,258.59 2 0
autoteam/cmd/autoteam/main.go:262.63,264.9 2 1
autoteam/cmd/autoteam/main.go:264.9,266.3 1 1
autoteam/cmd/autoteam/main.go:267.2,267.12 1 1
