mode: set
autoteam/api/control-plane/client.gen.go:51.70,57.25 2 0
autoteam/api/control-plane/client.gen.go:57.25,58.36 1 0
autoteam/api/control-plane/client.gen.go:58.36,60.4 1 0
autoteam/api/control-plane/client.gen.go:63.2,63.44 1 0
autoteam/api/control-plane/client.gen.go:63.44,65.3 1 0
autoteam/api/control-plane/client.gen.go:67.2,67.26 1 0
autoteam/api/control-plane/client.gen.go:67.26,69.3 1 0
autoteam/api/control-plane/client.gen.go:70.2,70.21 1 0
autoteam/api/control-plane/client.gen.go:75.56,76.31 1 0
autoteam/api/control-plane/client.gen.go:76.31,79.3 2 0
autoteam/api/control-plane/client.gen.go:84.59,85.31 1 0
autoteam/api/control-plane/client.gen.go:85.31,88.3 2 0
autoteam/api/control-plane/client.gen.go:133.107,135.16 2 0
autoteam/api/control-plane/client.gen.go:135.16,137.3 1 0
autoteam/api/control-plane/client.gen.go:138.2,139.61 2 0
autoteam/api/control-plane/client.gen.go:139.61,141.3 1 0
autoteam/api/control-plane/client.gen.go:142.2,142.25 1 0
autoteam/api/control-plane/client.gen.go:145.104,147.16 2 0
autoteam/api/control-plane/client.gen.go:147.16,149.3 1 0
autoteam/api/control-plane/client.gen.go:150.2,151.61 2 0
autoteam/api/control-plane/client.gen.go:151.61,153.3 1 0
autoteam/api/control-plane/client.gen.go:154.2,154.25 1 0
autoteam/api/control-plane/client.gen.go:157.109,159.16 2 0
autoteam/api/control-plane/client.gen.go:159.16,161.3 1 0
autoteam/api/control-plane/client.gen.go:162.2,163.61 2 0
autoteam/api/control-plane/client.gen.go:163.61,165.3 1 0
autoteam/api/control-plane/client.gen.go:166.2,166.25 1 0
autoteam/api/control-plane/client.gen.go:169.105,171.16 2 0
autoteam/api/control-plane/client.gen.go:171.16,173.3 1 0
autoteam/api/control-plane/client.gen.go:174.2,175.61 2 0
autoteam/api/control-plane/client.gen.go:175.61,177.3 1 0
autoteam/api/control-plane/client.gen.go:178.2,178.25 1 0
autoteam/api/control-plane/client.gen.go:181.121,183.16 2 0
autoteam/api/control-plane/client.gen.go:183.16,185.3 1 0
autoteam/api/control-plane/client.gen.go:186.2,187.61 2 0
autoteam/api/control-plane/client.gen.go:187.61,189.3 1 0
autoteam/api/control-plane/client.gen.go:190.2,190.25 1 0
autoteam/api/control-plane/client.gen.go:193.127,195.16 2 0
autoteam/api/control-plane/client.gen.go:195.16,197.3 1 0
autoteam/api/control-plane/client.gen.go:198.2,199.61 2 0
autoteam/api/control-plane/client.gen.go:199.61,201.3 1 0
autoteam/api/control-plane/client.gen.go:202.2,202.25 1 0
autoteam/api/control-plane/client.gen.go:205.125,207.16 2 0
autoteam/api/control-plane/client.gen.go:207.16,209.3 1 0
autoteam/api/control-plane/client.gen.go:210.2,211.61 2 0
autoteam/api/control-plane/client.gen.go:211.61,213.3 1 0
autoteam/api/control-plane/client.gen.go:214.2,214.25 1 0
autoteam/api/control-plane/client.gen.go:217.130,219.16 2 0
autoteam/api/control-plane/client.gen.go:219.16,221.3 1 0
autoteam/api/control-plane/client.gen.go:222.2,223.61 2 0
autoteam/api/control-plane/client.gen.go:223.61,225.3 1 0
autoteam/api/control-plane/client.gen.go:226.2,226.25 1 0
autoteam/api/control-plane/client.gen.go:229.127,231.16 2 0
autoteam/api/control-plane/client.gen.go:231.16,233.3 1 0
autoteam/api/control-plane/client.gen.go:234.2,235.61 2 0
autoteam/api/control-plane/client.gen.go:235.61,237.3 1 0
autoteam/api/control-plane/client.gen.go:238.2,238.25 1 0
autoteam/api/control-plane/client.gen.go:241.154,243.16 2 0
autoteam/api/control-plane/client.gen.go:243.16,245.3 1 0
autoteam/api/control-plane/client.gen.go:246.2,247.61 2 0
autoteam/api/control-plane/client.gen.go:247.61,249.3 1 0
autoteam/api/control-plane/client.gen.go:250.2,250.25 1 0
autoteam/api/control-plane/client.gen.go:253.177,255.16 2 0
autoteam/api/control-plane/client.gen.go:255.16,257.3 1 0
autoteam/api/control-plane/client.gen.go:258.2,259.61 2 0
autoteam/api/control-plane/client.gen.go:259.61,261.3 1 0
autoteam/api/control-plane/client.gen.go:262.2,262.25 1 0
autoteam/api/control-plane/client.gen.go:265.128,267.16 2 0
autoteam/api/control-plane/client.gen.go:267.16,269.3 1 0
autoteam/api/control-plane/client.gen.go:270.2,271.61 2 0
autoteam/api/control-plane/client.gen.go:271.61,273.3 1 0
autoteam/api/control-plane/client.gen.go:274.2,274.25 1 0
autoteam/api/control-plane/client.gen.go:277.127,279.16 2 0
autoteam/api/control-plane/client.gen.go:279.16,281.3 1 0
autoteam/api/control-plane/client.gen.go:282.2,283.61 2 0
autoteam/api/control-plane/client.gen.go:283.61,285.3 1 0
autoteam/api/control-plane/client.gen.go:286.2,286.25 1 0
autoteam/api/control-plane/client.gen.go:290.67,294.16 3 0
autoteam/api/control-plane/client.gen.go:294.16,296.3 1 0
autoteam/api/control-plane/client.gen.go:298.2,299.29 2 0
autoteam/api/control-plane/client.gen.go:299.29,301.3 1 0
autoteam/api/control-plane/client.gen.go:303.2,304.16 2 0
autoteam/api/control-plane/client.gen.go:304.16,306.3 1 0
autoteam/api/control-plane/client.gen.go:308.2,309.16 2 0
autoteam/api/control-plane/client.gen.go:309.16,311.3 1 0
autoteam/api/control-plane/client.gen.go:313.2,313.17 1 0
autoteam/api/control-plane/client.gen.go:317.64,321.16 3 0
autoteam/api/control-plane/client.gen.go:321.16,323.3 1 0
autoteam/api/control-plane/client.gen.go:325.2,326.29 2 0
autoteam/api/control-plane/client.gen.go:326.29,328.3 1 0
autoteam/api/control-plane/client.gen.go:330.2,331.16 2 0
autoteam/api/control-plane/client.gen.go:331.16,333.3 1 0
autoteam/api/control-plane/client.gen.go:335.2,336.16 2 0
autoteam/api/control-plane/client.gen.go:336.16,338.3 1 0
autoteam/api/control-plane/client.gen.go:340.2,340.17 1 0
autoteam/api/control-plane/client.gen.go:344.69,348.16 3 0
autoteam/api/control-plane/client.gen.go:348.16,350.3 1 0
autoteam/api/control-plane/client.gen.go:352.2,353.29 2 0
autoteam/api/control-plane/client.gen.go:353.29,355.3 1 0
autoteam/api/control-plane/client.gen.go:357.2,358.16 2 0
autoteam/api/control-plane/client.gen.go:358.16,360.3 1 0
autoteam/api/control-plane/client.gen.go:362.2,363.16 2 0
autoteam/api/control-plane/client.gen.go:363.16,365.3 1 0
autoteam/api/control-plane/client.gen.go:367.2,367.17 1 0
autoteam/api/control-plane/client.gen.go:371.65,375.16 3 0
autoteam/api/control-plane/client.gen.go:375.16,377.3 1 0
autoteam/api/control-plane/client.gen.go:379.2,380.29 2 0
autoteam/api/control-plane/client.gen.go:380.29,382.3 1 0
autoteam/api/control-plane/client.gen.go:384.2,385.16 2 0
autoteam/api/control-plane/client.gen.go:385.16,387.3 1 0
autoteam/api/control-plane/client.gen.go:389.2,390.16 2 0
autoteam/api/control-plane/client.gen.go:390.16,392.3 1 0
autoteam/api/control-plane/client.gen.go:394.2,394.17 1 0
autoteam/api/control-plane/client.gen.go:398.81,404.16 4 0
autoteam/api/control-plane/client.gen.go:404.16,406.3 1 0
autoteam/api/control-plane/client.gen.go:408.2,409.16 2 0
autoteam/api/control-plane/client.gen.go:409.16,411.3 1 0
autoteam/api/control-plane/client.gen.go:413.2,414.29 2 0
autoteam/api/control-plane/client.gen.go:414.29,416.3 1 0
autoteam/api/control-plane/client.gen.go:418.2,419.16 2 0
autoteam/api/control-plane/client.gen.go:419.16,421.3 1 0
autoteam/api/control-plane/client.gen.go:423.2,424.16 2 0
autoteam/api/control-plane/client.gen.go:424.16,426.3 1 0
autoteam/api/control-plane/client.gen.go:428.2,428.17 1 0
autoteam/api/control-plane/client.gen.go:432.87,438.16 4 0
autoteam/api/control-plane/client.gen.go:438.16,440.3 1 0
autoteam/api/control-plane/client.gen.go:442.2,443.16 2 0
autoteam/api/control-plane/client.gen.go:443.16,445.3 1 0
autoteam/api/control-plane/client.gen.go:447.2,448.29 2 0
autoteam/api/control-plane/client.gen.go:448.29,450.3 1 0
autoteam/api/control-plane/client.gen.go:452.2,453.16 2 0
autoteam/api/control-plane/client.gen.go:453.16,455.3 1 0
autoteam/api/control-plane/client.gen.go:457.2,458.16 2 0
autoteam/api/control-plane/client.gen.go:458.16,460.3 1 0
autoteam/api/control-plane/client.gen.go:462.2,462.17 1 0
autoteam/api/control-plane/client.gen.go:466.85,472.16 4 0
autoteam/api/control-plane/client.gen.go:472.16,474.3 1 0
autoteam/api/control-plane/client.gen.go:476.2,477.16 2 0
autoteam/api/control-plane/client.gen.go:477.16,479.3 1 0
autoteam/api/control-plane/client.gen.go:481.2,482.29 2 0
autoteam/api/control-plane/client.gen.go:482.29,484.3 1 0
autoteam/api/control-plane/client.gen.go:486.2,487.16 2 0
autoteam/api/control-plane/client.gen.go:487.16,489.3 1 0
autoteam/api/control-plane/client.gen.go:491.2,492.16 2 0
autoteam/api/control-plane/client.gen.go:492.16,494.3 1 0
autoteam/api/control-plane/client.gen.go:496.2,496.17 1 0
autoteam/api/control-plane/client.gen.go:500.90,506.16 4 0
autoteam/api/control-plane/client.gen.go:506.16,508.3 1 0
autoteam/api/control-plane/client.gen.go:510.2,511.16 2 0
autoteam/api/control-plane/client.gen.go:511.16,513.3 1 0
autoteam/api/control-plane/client.gen.go:515.2,516.29 2 0
autoteam/api/control-plane/client.gen.go:516.29,518.3 1 0
autoteam/api/control-plane/client.gen.go:520.2,521.16 2 0
autoteam/api/control-plane/client.gen.go:521.16,523.3 1 0
autoteam/api/control-plane/client.gen.go:525.2,526.16 2 0
autoteam/api/control-plane/client.gen.go:526.16,528.3 1 0
autoteam/api/control-plane/client.gen.go:530.2,530.17 1 0
autoteam/api/control-plane/client.gen.go:534.87,540.16 4 0
autoteam/api/control-plane/client.gen.go:540.16,542.3 1 0
autoteam/api/control-plane/client.gen.go:544.2,545.16 2 0
autoteam/api/control-plane/client.gen.go:545.16,547.3 1 0
autoteam/api/control-plane/client.gen.go:549.2,550.29 2 0
autoteam/api/control-plane/client.gen.go:550.29,552.3 1 0
autoteam/api/control-plane/client.gen.go:554.2,555.16 2 0
autoteam/api/control-plane/client.gen.go:555.16,557.3 1 0
autoteam/api/control-plane/client.gen.go:559.2,560.16 2 0
autoteam/api/control-plane/client.gen.go:560.16,562.3 1 0
autoteam/api/control-plane/client.gen.go:564.2,564.17 1 0
autoteam/api/control-plane/client.gen.go:568.114,574.16 4 0
autoteam/api/control-plane/client.gen.go:574.16,576.3 1 0
autoteam/api/control-plane/client.gen.go:578.2,579.16 2 0
autoteam/api/control-plane/client.gen.go:579.16,581.3 1 0
autoteam/api/control-plane/client.gen.go:583.2,584.29 2 0
autoteam/api/control-plane/client.gen.go:584.29,586.3 1 0
autoteam/api/control-plane/client.gen.go:588.2,589.16 2 0
autoteam/api/control-plane/client.gen.go:589.16,591.3 1 0
autoteam/api/control-plane/client.gen.go:593.2,593.19 1 0
autoteam/api/control-plane/client.gen.go:593.19,596.25 2 0
autoteam/api/control-plane/client.gen.go:596.25,598.132 1 0
autoteam/api/control-plane/client.gen.go:598.132,600.5 1 0
autoteam/api/control-plane/client.gen.go:600.10,600.67 1 0
autoteam/api/control-plane/client.gen.go:600.67,602.5 1 0
autoteam/api/control-plane/client.gen.go:602.10,603.30 1 0
autoteam/api/control-plane/client.gen.go:603.30,604.27 1 0
autoteam/api/control-plane/client.gen.go:604.27,606.7 1 0
autoteam/api/control-plane/client.gen.go:612.3,612.26 1 0
autoteam/api/control-plane/client.gen.go:612.26,614.134 1 0
autoteam/api/control-plane/client.gen.go:614.134,616.5 1 0
autoteam/api/control-plane/client.gen.go:616.10,616.67 1 0
autoteam/api/control-plane/client.gen.go:616.67,618.5 1 0
autoteam/api/control-plane/client.gen.go:618.10,619.30 1 0
autoteam/api/control-plane/client.gen.go:619.30,620.27 1 0
autoteam/api/control-plane/client.gen.go:620.27,622.7 1 0
autoteam/api/control-plane/client.gen.go:628.3,628.43 1 0
autoteam/api/control-plane/client.gen.go:631.2,632.16 2 0
autoteam/api/control-plane/client.gen.go:632.16,634.3 1 0
autoteam/api/control-plane/client.gen.go:636.2,636.17 1 0
autoteam/api/control-plane/client.gen.go:640.137,646.16 4 0
autoteam/api/control-plane/client.gen.go:646.16,648.3 1 0
autoteam/api/control-plane/client.gen.go:650.2,653.16 3 0
autoteam/api/control-plane/client.gen.go:653.16,655.3 1 0
autoteam/api/control-plane/client.gen.go:657.2,658.16 2 0
autoteam/api/control-plane/client.gen.go:658.16,660.3 1 0
autoteam/api/control-plane/client.gen.go:662.2,663.29 2 0
autoteam/api/control-plane/client.gen.go:663.29,665.3 1 0
autoteam/api/control-plane/client.gen.go:667.2,668.16 2 0
autoteam/api/control-plane/client.gen.go:668.16,670.3 1 0
autoteam/api/control-plane/client.gen.go:672.2,672.19 1 0
autoteam/api/control-plane/client.gen.go:672.19,675.25 2 0
autoteam/api/control-plane/client.gen.go:675.25,677.132 1 0
autoteam/api/control-plane/client.gen.go:677.132,679.5 1 0
autoteam/api/control-plane/client.gen.go:679.10,679.67 1 0
autoteam/api/control-plane/client.gen.go:679.67,681.5 1 0
autoteam/api/control-plane/client.gen.go:681.10,682.30 1 0
autoteam/api/control-plane/client.gen.go:682.30,683.27 1 0
autoteam/api/control-plane/client.gen.go:683.27,685.7 1 0
autoteam/api/control-plane/client.gen.go:691.3,691.43 1 0
autoteam/api/control-plane/client.gen.go:694.2,695.16 2 0
autoteam/api/control-plane/client.gen.go:695.16,697.3 1 0
autoteam/api/control-plane/client.gen.go:699.2,699.17 1 0
autoteam/api/control-plane/client.gen.go:703.88,709.16 4 0
autoteam/api/control-plane/client.gen.go:709.16,711.3 1 0
autoteam/api/control-plane/client.gen.go:713.2,714.16 2 0
autoteam/api/control-plane/client.gen.go:714.16,716.3 1 0
autoteam/api/control-plane/client.gen.go:718.2,719.29 2 0
autoteam/api/control-plane/client.gen.go:719.29,721.3 1 0
autoteam/api/control-plane/client.gen.go:723.2,724.16 2 0
autoteam/api/control-plane/client.gen.go:724.16,726.3 1 0
autoteam/api/control-plane/client.gen.go:728.2,729.16 2 0
autoteam/api/control-plane/client.gen.go:729.16,731.3 1 0
autoteam/api/control-plane/client.gen.go:733.2,733.17 1 0
autoteam/api/control-plane/client.gen.go:737.87,743.16 4 0
autoteam/api/control-plane/client.gen.go:743.16,745.3 1 0
autoteam/api/control-plane/client.gen.go:747.2,748.16 2 0
autoteam/api/control-plane/client.gen.go:748.16,750.3 1 0
autoteam/api/control-plane/client.gen.go:752.2,753.29 2 0
autoteam/api/control-plane/client.gen.go:753.29,755.3 1 0
autoteam/api/control-plane/client.gen.go:757.2,758.16 2 0
autoteam/api/control-plane/client.gen.go:758.16,760.3 1 0
autoteam/api/control-plane/client.gen.go:762.2,763.16 2 0
autoteam/api/control-plane/client.gen.go:763.16,765.3 1 0
autoteam/api/control-plane/client.gen.go:767.2,767.17 1 0
autoteam/api/control-plane/client.gen.go:770.114,771.37 1 0
autoteam/api/control-plane/client.gen.go:771.37,772.37 1 0
autoteam/api/control-plane/client.gen.go:772.37,774.4 1 0
autoteam/api/control-plane/client.gen.go:776.2,776.38 1 0
autoteam/api/control-plane/client.gen.go:776.38,777.37 1 0
autoteam/api/control-plane/client.gen.go:777.37,779.4 1 0
autoteam/api/control-plane/client.gen.go:781.2,781.12 1 0
autoteam/api/control-plane/client.gen.go:791.96,793.16 2 0
autoteam/api/control-plane/client.gen.go:793.16,795.3 1 0
autoteam/api/control-plane/client.gen.go:796.2,796.42 1 0
autoteam/api/control-plane/client.gen.go:800.47,801.31 1 0
autoteam/api/control-plane/client.gen.go:801.31,803.17 2 0
autoteam/api/control-plane/client.gen.go:803.17,805.4 1 0
autoteam/api/control-plane/client.gen.go:806.3,807.13 2 0
autoteam/api/control-plane/client.gen.go:859.47,860.27 1 0
autoteam/api/control-plane/client.gen.go:860.27,862.3 1 0
autoteam/api/control-plane/client.gen.go:863.2,863.27 1 0
autoteam/api/control-plane/client.gen.go:867.48,868.27 1 0
autoteam/api/control-plane/client.gen.go:868.27,870.3 1 0
autoteam/api/control-plane/client.gen.go:871.2,871.10 1 0
autoteam/api/control-plane/client.gen.go:882.44,883.27 1 0
autoteam/api/control-plane/client.gen.go:883.27,885.3 1 0
autoteam/api/control-plane/client.gen.go:886.2,886.27 1 0
autoteam/api/control-plane/client.gen.go:890.45,891.27 1 0
autoteam/api/control-plane/client.gen.go:891.27,893.3 1 0
autoteam/api/control-plane/client.gen.go:894.2,894.10 1 0
autoteam/api/control-plane/client.gen.go:904.49,905.27 1 0
autoteam/api/control-plane/client.gen.go:905.27,907.3 1 0
autoteam/api/control-plane/client.gen.go:908.2,908.27 1 0
autoteam/api/control-plane/client.gen.go:912.50,913.27 1 0
autoteam/api/control-plane/client.gen.go:913.27,915.3 1 0
autoteam/api/control-plane/client.gen.go:916.2,916.10 1 0
autoteam/api/control-plane/client.gen.go:927.45,928.27 1 0
autoteam/api/control-plane/client.gen.go:928.27,930.3 1 0
autoteam/api/control-plane/client.gen.go:931.2,931.27 1 0
autoteam/api/control-plane/client.gen.go:935.46,936.27 1 0
autoteam/api/control-plane/client.gen.go:936.27,938.3 1 0
autoteam/api/control-plane/client.gen.go:939.2,939.10 1 0
autoteam/api/control-plane/client.gen.go:951.44,952.27 1 0
autoteam/api/control-plane/client.gen.go:952.27,954.3 1 0
autoteam/api/control-plane/client.gen.go:955.2,955.27 1 0
autoteam/api/control-plane/client.gen.go:959.45,960.27 1 0
autoteam/api/control-plane/client.gen.go:960.27,962.3 1 0
autoteam/api/control-plane/client.gen.go:963.2,963.10 1 0
autoteam/api/control-plane/client.gen.go:975.50,976.27 1 0
autoteam/api/control-plane/client.gen.go:976.27,978.3 1 0
autoteam/api/control-plane/client.gen.go:979.2,979.27 1 0
autoteam/api/control-plane/client.gen.go:983.51,984.27 1 0
autoteam/api/control-plane/client.gen.go:984.27,986.3 1 0
autoteam/api/control-plane/client.gen.go:987.2,987.10 1 0
autoteam/api/control-plane/client.gen.go:999.48,1000.27 1 0
autoteam/api/control-plane/client.gen.go:1000.27,1002.3 1 0
autoteam/api/control-plane/client.gen.go:1003.2,1003.27 1 0
autoteam/api/control-plane/client.gen.go:1007.49,1008.27 1 0
autoteam/api/control-plane/client.gen.go:1008.27,1010.3 1 0
autoteam/api/control-plane/client.gen.go:1011.2,1011.10 1 0
autoteam/api/control-plane/client.gen.go:1023.53,1024.27 1 0
autoteam/api/control-plane/client.gen.go:1024.27,1026.3 1 0
autoteam/api/control-plane/client.gen.go:1027.2,1027.27 1 0
autoteam/api/control-plane/client.gen.go:1031.54,1032.27 1 0
autoteam/api/control-plane/client.gen.go:1032.27,1034.3 1 0
autoteam/api/control-plane/client.gen.go:1035.2,1035.10 1 0
autoteam/api/control-plane/client.gen.go:1048.50,1049.27 1 0
autoteam/api/control-plane/client.gen.go:1049.27,1051.3 1 0
autoteam/api/control-plane/client.gen.go:1052.2,1052.27 1 0
autoteam/api/control-plane/client.gen.go:1056.51,1057.27 1 0
autoteam/api/control-plane/client.gen.go:1057.27,1059.3 1 0
autoteam/api/control-plane/client.gen.go:1060.2,1060.10 1 0
autoteam/api/control-plane/client.gen.go:1072.48,1073.27 1 0
autoteam/api/control-plane/client.gen.go:1073.27,1075.3 1 0
autoteam/api/control-plane/client.gen.go:1076.2,1076.27 1 0
autoteam/api/control-plane/client.gen.go:1080.49,1081.27 1 0
autoteam/api/control-plane/client.gen.go:1081.27,1083.3 1 0
autoteam/api/control-plane/client.gen.go:1084.2,1084.10 1 0
autoteam/api/control-plane/client.gen.go:1095.51,1096.27 1 0
autoteam/api/control-plane/client.gen.go:1096.27,1098.3 1 0
autoteam/api/control-plane/client.gen.go:1099.2,1099.27 1 0
autoteam/api/control-plane/client.gen.go:1103.52,1104.27 1 0
autoteam/api/control-plane/client.gen.go:1104.27,1106.3 1 0
autoteam/api/control-plane/client.gen.go:1107.2,1107.10 1 0
autoteam/api/control-plane/client.gen.go:1119.51,1120.27 1 0
autoteam/api/control-plane/client.gen.go:1120.27,1122.3 1 0
autoteam/api/control-plane/client.gen.go:1123.2,1123.27 1 0
autoteam/api/control-plane/client.gen.go:1127.52,1128.27 1 0
autoteam/api/control-plane/client.gen.go:1128.27,1130.3 1 0
autoteam/api/control-plane/client.gen.go:1131.2,1131.10 1 0
autoteam/api/control-plane/client.gen.go:1143.50,1144.27 1 0
autoteam/api/control-plane/client.gen.go:1144.27,1146.3 1 0
autoteam/api/control-plane/client.gen.go:1147.2,1147.27 1 0
autoteam/api/control-plane/client.gen.go:1151.51,1152.27 1 0
autoteam/api/control-plane/client.gen.go:1152.27,1154.3 1 0
autoteam/api/control-plane/client.gen.go:1155.2,1155.10 1 0
autoteam/api/control-plane/client.gen.go:1159.139,1161.16 2 0
autoteam/api/control-plane/client.gen.go:1161.16,1163.3 1 0
autoteam/api/control-plane/client.gen.go:1164.2,1164.39 1 0
autoteam/api/control-plane/client.gen.go:1168.133,1170.16 2 0
autoteam/api/control-plane/client.gen.go:1170.16,1172.3 1 0
autoteam/api/control-plane/client.gen.go:1173.2,1173.36 1 0
autoteam/api/control-plane/client.gen.go:1177.143,1179.16 2 0
autoteam/api/control-plane/client.gen.go:1179.16,1181.3 1 0
autoteam/api/control-plane/client.gen.go:1182.2,1182.41 1 0
autoteam/api/control-plane/client.gen.go:1186.135,1188.16 2 0
autoteam/api/control-plane/client.gen.go:1188.16,1190.3 1 0
autoteam/api/control-plane/client.gen.go:1191.2,1191.37 1 0
autoteam/api/control-plane/client.gen.go:1195.150,1197.16 2 0
autoteam/api/control-plane/client.gen.go:1197.16,1199.3 1 0
autoteam/api/control-plane/client.gen.go:1200.2,1200.36 1 0
autoteam/api/control-plane/client.gen.go:1204.162,1206.16 2 0
autoteam/api/control-plane/client.gen.go:1206.16,1208.3 1 0
autoteam/api/control-plane/client.gen.go:1209.2,1209.42 1 0
autoteam/api/control-plane/client.gen.go:1213.158,1215.16 2 0
autoteam/api/control-plane/client.gen.go:1215.16,1217.3 1 0
autoteam/api/control-plane/client.gen.go:1218.2,1218.40 1 0
autoteam/api/control-plane/client.gen.go:1222.168,1224.16 2 0
autoteam/api/control-plane/client.gen.go:1224.16,1226.3 1 0
autoteam/api/control-plane/client.gen.go:1227.2,1227.45 1 0
autoteam/api/control-plane/client.gen.go:1231.162,1233.16 2 0
autoteam/api/control-plane/client.gen.go:1233.16,1235.3 1 0
autoteam/api/control-plane/client.gen.go:1236.2,1236.42 1 0
autoteam/api/control-plane/client.gen.go:1240.187,1242.16 2 0
autoteam/api/control-plane/client.gen.go:1242.16,1244.3 1 0
autoteam/api/control-plane/client.gen.go:1245.2,1245.40 1 0
autoteam/api/control-plane/client.gen.go:1249.213,1251.16 2 0
autoteam/api/control-plane/client.gen.go:1251.16,1253.3 1 0
autoteam/api/control-plane/client.gen.go:1254.2,1254.43 1 0
autoteam/api/control-plane/client.gen.go:1258.164,1260.16 2 0
autoteam/api/control-plane/client.gen.go:1260.16,1262.3 1 0
autoteam/api/control-plane/client.gen.go:1263.2,1263.43 1 0
autoteam/api/control-plane/client.gen.go:1267.162,1269.16 2 0
autoteam/api/control-plane/client.gen.go:1269.16,1271.3 1 0
autoteam/api/control-plane/client.gen.go:1272.2,1272.42 1 0
autoteam/api/control-plane/client.gen.go:1276.83,1278.15 2 0
autoteam/api/control-plane/client.gen.go:1278.15,1278.39 1 0
autoteam/api/control-plane/client.gen.go:1279.2,1279.16 1 0
autoteam/api/control-plane/client.gen.go:1279.16,1281.3 1 0
autoteam/api/control-plane/client.gen.go:1283.2,1288.22 2 0
autoteam/api/control-plane/client.gen.go:1292.77,1294.15 2 0
autoteam/api/control-plane/client.gen.go:1294.15,1294.39 1 0
autoteam/api/control-plane/client.gen.go:1295.2,1295.16 1 0
autoteam/api/control-plane/client.gen.go:1295.16,1297.3 1 0
autoteam/api/control-plane/client.gen.go:1299.2,1304.9 2 0
autoteam/api/control-plane/client.gen.go:1305.89,1307.58 2 0
autoteam/api/control-plane/client.gen.go:1307.58,1309.4 1 0
autoteam/api/control-plane/client.gen.go:1310.3,1310.27 1 0
autoteam/api/control-plane/client.gen.go:1312.89,1314.58 2 0
autoteam/api/control-plane/client.gen.go:1314.58,1316.4 1 0
autoteam/api/control-plane/client.gen.go:1317.3,1317.27 1 0
autoteam/api/control-plane/client.gen.go:1321.2,1321.22 1 0
autoteam/api/control-plane/client.gen.go:1325.87,1327.15 2 0
autoteam/api/control-plane/client.gen.go:1327.15,1327.39 1 0
autoteam/api/control-plane/client.gen.go:1328.2,1328.16 1 0
autoteam/api/control-plane/client.gen.go:1328.16,1330.3 1 0
autoteam/api/control-plane/client.gen.go:1332.2,1337.9 2 0
autoteam/api/control-plane/client.gen.go:1338.89,1340.58 2 0
autoteam/api/control-plane/client.gen.go:1340.58,1342.4 1 0
autoteam/api/control-plane/client.gen.go:1343.3,1343.27 1 0
autoteam/api/control-plane/client.gen.go:1347.2,1347.22 1 0
autoteam/api/control-plane/client.gen.go:1351.79,1353.15 2 0
autoteam/api/control-plane/client.gen.go:1353.15,1353.39 1 0
autoteam/api/control-plane/client.gen.go:1354.2,1354.16 1 0
autoteam/api/control-plane/client.gen.go:1354.16,1356.3 1 0
autoteam/api/control-plane/client.gen.go:1358.2,1363.9 2 0
autoteam/api/control-plane/client.gen.go:1364.89,1366.58 2 0
autoteam/api/control-plane/client.gen.go:1366.58,1368.4 1 0
autoteam/api/control-plane/client.gen.go:1369.3,1369.27 1 0
autoteam/api/control-plane/client.gen.go:1371.89,1373.58 2 0
autoteam/api/control-plane/client.gen.go:1373.58,1375.4 1 0
autoteam/api/control-plane/client.gen.go:1376.3,1376.27 1 0
autoteam/api/control-plane/client.gen.go:1380.2,1380.22 1 0
autoteam/api/control-plane/client.gen.go:1384.77,1386.15 2 0
autoteam/api/control-plane/client.gen.go:1386.15,1386.39 1 0
autoteam/api/control-plane/client.gen.go:1387.2,1387.16 1 0
autoteam/api/control-plane/client.gen.go:1387.16,1389.3 1 0
autoteam/api/control-plane/client.gen.go:1391.2,1396.9 2 0
autoteam/api/control-plane/client.gen.go:1397.89,1399.58 2 0
autoteam/api/control-plane/client.gen.go:1399.58,1401.4 1 0
autoteam/api/control-plane/client.gen.go:1402.3,1402.27 1 0
autoteam/api/control-plane/client.gen.go:1404.89,1406.58 2 0
autoteam/api/control-plane/client.gen.go:1406.58,1408.4 1 0
autoteam/api/control-plane/client.gen.go:1409.3,1409.27 1 0
autoteam/api/control-plane/client.gen.go:1411.89,1413.58 2 0
autoteam/api/control-plane/client.gen.go:1413.58,1415.4 1 0
autoteam/api/control-plane/client.gen.go:1416.3,1416.27 1 0
autoteam/api/control-plane/client.gen.go:1420.2,1420.22 1 0
autoteam/api/control-plane/client.gen.go:1424.89,1426.15 2 0
autoteam/api/control-plane/client.gen.go:1426.15,1426.39 1 0
autoteam/api/control-plane/client.gen.go:1427.2,1427.16 1 0
autoteam/api/control-plane/client.gen.go:1427.16,1429.3 1 0
autoteam/api/control-plane/client.gen.go:1431.2,1436.9 2 0
autoteam/api/control-plane/client.gen.go:1437.89,1439.58 2 0
autoteam/api/control-plane/client.gen.go:1439.58,1441.4 1 0
autoteam/api/control-plane/client.gen.go:1442.3,1442.27 1 0
autoteam/api/control-plane/client.gen.go:1444.89,1446.58 2 0
autoteam/api/control-plane/client.gen.go:1446.58,1448.4 1 0
autoteam/api/control-plane/client.gen.go:1449.3,1449.27 1 0
autoteam/api/control-plane/client.gen.go:1451.89,1453.58 2 0
autoteam/api/control-plane/client.gen.go:1453.58,1455.4 1 0
autoteam/api/control-plane/client.gen.go:1456.3,1456.27 1 0
autoteam/api/control-plane/client.gen.go:1460.2,1460.22 1 0
autoteam/api/control-plane/client.gen.go:1464.85,1466.15 2 0
autoteam/api/control-plane/client.gen.go:1466.15,1466.39 1 0
autoteam/api/control-plane/client.gen.go:1467.2,1467.16 1 0
autoteam/api/control-plane/client.gen.go:1467.16,1469.3 1 0
autoteam/api/control-plane/client.gen.go:1471.2,1476.9 2 0
autoteam/api/control-plane/client.gen.go:1477.89,1479.58 2 0
autoteam/api/control-plane/client.gen.go:1479.58,1481.4 1 0
autoteam/api/control-plane/client.gen.go:1482.3,1482.27 1 0
autoteam/api/control-plane/client.gen.go:1484.89,1486.58 2 0
autoteam/api/control-plane/client.gen.go:1486.58,1488.4 1 0
autoteam/api/control-plane/client.gen.go:1489.3,1489.27 1 0
autoteam/api/control-plane/client.gen.go:1491.89,1493.58 2 0
autoteam/api/control-plane/client.gen.go:1493.58,1495.4 1 0
autoteam/api/control-plane/client.gen.go:1496.3,1496.27 1 0
autoteam/api/control-plane/client.gen.go:1500.2,1500.22 1 0
autoteam/api/control-plane/client.gen.go:1504.95,1506.15 2 0
autoteam/api/control-plane/client.gen.go:1506.15,1506.39 1 0
autoteam/api/control-plane/client.gen.go:1507.2,1507.16 1 0
autoteam/api/control-plane/client.gen.go:1507.16,1509.3 1 0
autoteam/api/control-plane/client.gen.go:1511.2,1516.9 2 0
autoteam/api/control-plane/client.gen.go:1517.89,1519.58 2 0
autoteam/api/control-plane/client.gen.go:1519.58,1521.4 1 0
autoteam/api/control-plane/client.gen.go:1522.3,1522.27 1 0
autoteam/api/control-plane/client.gen.go:1524.89,1526.58 2 0
autoteam/api/control-plane/client.gen.go:1526.58,1528.4 1 0
autoteam/api/control-plane/client.gen.go:1529.3,1529.27 1 0
autoteam/api/control-plane/client.gen.go:1531.89,1533.58 2 0
autoteam/api/control-plane/client.gen.go:1533.58,1535.4 1 0
autoteam/api/control-plane/client.gen.go:1536.3,1536.27 1 0
autoteam/api/control-plane/client.gen.go:1540.2,1540.22 1 0
autoteam/api/control-plane/client.gen.go:1544.89,1546.15 2 0
autoteam/api/control-plane/client.gen.go:1546.15,1546.39 1 0
autoteam/api/control-plane/client.gen.go:1547.2,1547.16 1 0
autoteam/api/control-plane/client.gen.go:1547.16,1549.3 1 0
autoteam/api/control-plane/client.gen.go:1551.2,1556.9 2 0
autoteam/api/control-plane/client.gen.go:1557.89,1559.58 2 0
autoteam/api/control-plane/client.gen.go:1559.58,1561.4 1 0
autoteam/api/control-plane/client.gen.go:1562.3,1562.27 1 0
autoteam/api/control-plane/client.gen.go:1564.89,1566.58 2 0
autoteam/api/control-plane/client.gen.go:1566.58,1568.4 1 0
autoteam/api/control-plane/client.gen.go:1569.3,1569.27 1 0
autoteam/api/control-plane/client.gen.go:1571.89,1573.58 2 0
autoteam/api/control-plane/client.gen.go:1573.58,1575.4 1 0
autoteam/api/control-plane/client.gen.go:1576.3,1576.27 1 0
autoteam/api/control-plane/client.gen.go:1578.89,1580.58 2 0
autoteam/api/control-plane/client.gen.go:1580.58,1582.4 1 0
autoteam/api/control-plane/client.gen.go:1583.3,1583.27 1 0
autoteam/api/control-plane/client.gen.go:1587.2,1587.22 1 0
autoteam/api/control-plane/client.gen.go:1591.85,1593.15 2 0
autoteam/api/control-plane/client.gen.go:1593.15,1593.39 1 0
autoteam/api/control-plane/client.gen.go:1594.2,1594.16 1 0
autoteam/api/control-plane/client.gen.go:1594.16,1596.3 1 0
autoteam/api/control-plane/client.gen.go:1598.2,1603.9 2 0
autoteam/api/control-plane/client.gen.go:1604.89,1606.58 2 0
autoteam/api/control-plane/client.gen.go:1606.58,1608.4 1 0
autoteam/api/control-plane/client.gen.go:1609.3,1609.27 1 0
autoteam/api/control-plane/client.gen.go:1611.89,1613.58 2 0
autoteam/api/control-plane/client.gen.go:1613.58,1615.4 1 0
autoteam/api/control-plane/client.gen.go:1616.3,1616.27 1 0
autoteam/api/control-plane/client.gen.go:1618.89,1620.58 2 0
autoteam/api/control-plane/client.gen.go:1620.58,1622.4 1 0
autoteam/api/control-plane/client.gen.go:1623.3,1623.27 1 0
autoteam/api/control-plane/client.gen.go:1627.2,1627.22 1 0
autoteam/api/control-plane/client.gen.go:1631.91,1633.15 2 0
autoteam/api/control-plane/client.gen.go:1633.15,1633.39 1 0
autoteam/api/control-plane/client.gen.go:1634.2,1634.16 1 0
autoteam/api/control-plane/client.gen.go:1634.16,1636.3 1 0
autoteam/api/control-plane/client.gen.go:1638.2,1643.9 2 0
autoteam/api/control-plane/client.gen.go:1644.89,1646.58 2 0
autoteam/api/control-plane/client.gen.go:1646.58,1648.4 1 0
autoteam/api/control-plane/client.gen.go:1649.3,1649.27 1 0
autoteam/api/control-plane/client.gen.go:1651.89,1653.58 2 0
autoteam/api/control-plane/client.gen.go:1653.58,1655.4 1 0
autoteam/api/control-plane/client.gen.go:1656.3,1656.27 1 0
autoteam/api/control-plane/client.gen.go:1660.2,1660.22 1 0
autoteam/api/control-plane/client.gen.go:1664.91,1666.15 2 0
autoteam/api/control-plane/client.gen.go:1666.15,1666.39 1 0
autoteam/api/control-plane/client.gen.go:1667.2,1667.16 1 0
autoteam/api/control-plane/client.gen.go:1667.16,1669.3 1 0
autoteam/api/control-plane/client.gen.go:1671.2,1676.9 2 0
autoteam/api/control-plane/client.gen.go:1677.89,1679.58 2 0
autoteam/api/control-plane/client.gen.go:1679.58,1681.4 1 0
autoteam/api/control-plane/client.gen.go:1682.3,1682.27 1 0
autoteam/api/control-plane/client.gen.go:1684.89,1686.58 2 0
autoteam/api/control-plane/client.gen.go:1686.58,1688.4 1 0
autoteam/api/control-plane/client.gen.go:1689.3,1689.27 1 0
autoteam/api/control-plane/client.gen.go:1691.89,1693.58 2 0
autoteam/api/control-plane/client.gen.go:1693.58,1695.4 1 0
autoteam/api/control-plane/client.gen.go:1696.3,1696.27 1 0
autoteam/api/control-plane/client.gen.go:1700.2,1700.22 1 0
autoteam/api/control-plane/client.gen.go:1704.89,1706.15 2 0
autoteam/api/control-plane/client.gen.go:1706.15,1706.39 1 0
autoteam/api/control-plane/client.gen.go:1707.2,1707.16 1 0
autoteam/api/control-plane/client.gen.go:1707.16,1709.3 1 0
autoteam/api/control-plane/client.gen.go:1711.2,1716.9 2 0
autoteam/api/control-plane/client.gen.go:1717.89,1719.58 2 0
autoteam/api/control-plane/client.gen.go:1719.58,1721.4 1 0
autoteam/api/control-plane/client.gen.go:1722.3,1722.27 1 0
autoteam/api/control-plane/client.gen.go:1724.89,1726.58 2 0
autoteam/api/control-plane/client.gen.go:1726.58,1728.4 1 0
autoteam/api/control-plane/client.gen.go:1729.3,1729.27 1 0
autoteam/api/control-plane/client.gen.go:1731.89,1733.58 2 0
autoteam/api/control-plane/client.gen.go:1733.58,1735.4 1 0
autoteam/api/control-plane/client.gen.go:1736.3,1736.27 1 0
autoteam/api/control-plane/client.gen.go:1740.2,1740.22 1 0
autoteam/api/control-plane/server.gen.go:225.71,233.2 4 0
autoteam/api/control-plane/server.gen.go:236.68,244.2 4 0
autoteam/api/control-plane/server.gen.go:247.73,255.2 4 0
autoteam/api/control-plane/server.gen.go:258.69,266.2 4 0
autoteam/api/control-plane/server.gen.go:269.68,275.16 4 0
autoteam/api/control-plane/server.gen.go:275.16,277.3 1 0
autoteam/api/control-plane/server.gen.go:279.2,283.12 3 0
autoteam/api/control-plane/server.gen.go:287.74,293.16 4 0
autoteam/api/control-plane/server.gen.go:293.16,295.3 1 0
autoteam/api/control-plane/server.gen.go:297.2,301.12 3 0
autoteam/api/control-plane/server.gen.go:305.72,311.16 4 0
autoteam/api/control-plane/server.gen.go:311.16,313.3 1 0
autoteam/api/control-plane/server.gen.go:315.2,319.12 3 0
autoteam/api/control-plane/server.gen.go:323.77,329.16 4 0
autoteam/api/control-plane/server.gen.go:329.16,331.3 1 0
autoteam/api/control-plane/server.gen.go:333.2,337.12 3 0
autoteam/api/control-plane/server.gen.go:341.74,347.16 4 0
autoteam/api/control-plane/server.gen.go:347.16,349.3 1 0
autoteam/api/control-plane/server.gen.go:351.2,355.12 3 0
autoteam/api/control-plane/server.gen.go:359.72,365.16 4 0
autoteam/api/control-plane/server.gen.go:365.16,367.3 1 0
autoteam/api/control-plane/server.gen.go:369.2,376.16 4 0
autoteam/api/control-plane/server.gen.go:376.16,378.3 1 0
autoteam/api/control-plane/server.gen.go:382.2,383.16 2 0
autoteam/api/control-plane/server.gen.go:383.16,385.3 1 0
autoteam/api/control-plane/server.gen.go:388.2,389.12 2 0
autoteam/api/control-plane/server.gen.go:393.75,399.16 4 0
autoteam/api/control-plane/server.gen.go:399.16,401.3 1 0
autoteam/api/control-plane/server.gen.go:404.2,407.16 3 0
autoteam/api/control-plane/server.gen.go:407.16,409.3 1 0
autoteam/api/control-plane/server.gen.go:411.2,418.16 4 0
autoteam/api/control-plane/server.gen.go:418.16,420.3 1 0
autoteam/api/control-plane/server.gen.go:423.2,424.12 2 0
autoteam/api/control-plane/server.gen.go:428.75,434.16 4 0
autoteam/api/control-plane/server.gen.go:434.16,436.3 1 0
autoteam/api/control-plane/server.gen.go:438.2,442.12 3 0
autoteam/api/control-plane/server.gen.go:446.74,452.16 4 0
autoteam/api/control-plane/server.gen.go:452.16,454.3 1 0
autoteam/api/control-plane/server.gen.go:456.2,460.12 3 0
autoteam/api/control-plane/server.gen.go:479.62,481.2 1 0
autoteam/api/control-plane/server.gen.go:485.89,505.2 14 0
autoteam/api/control-plane/server.gen.go:563.35,565.16 2 0
autoteam/api/control-plane/server.gen.go:565.16,567.3 1 0
autoteam/api/control-plane/server.gen.go:568.2,569.16 2 0
autoteam/api/control-plane/server.gen.go:569.16,571.3 1 0
autoteam/api/control-plane/server.gen.go:572.2,574.16 3 0
autoteam/api/control-plane/server.gen.go:574.16,576.3 1 0
autoteam/api/control-plane/server.gen.go:578.2,578.25 1 0
autoteam/api/control-plane/server.gen.go:584.48,586.32 2 0
autoteam/api/control-plane/server.gen.go:586.32,588.3 1 0
autoteam/api/control-plane/server.gen.go:592.73,594.25 2 0
autoteam/api/control-plane/server.gen.go:594.25,596.3 1 0
autoteam/api/control-plane/server.gen.go:598.2,598.12 1 0
autoteam/api/control-plane/server.gen.go:606.52,611.87 4 0
autoteam/api/control-plane/server.gen.go:611.87,615.10 4 0
autoteam/api/control-plane/server.gen.go:615.10,618.4 2 0
autoteam/api/control-plane/server.gen.go:619.3,619.19 1 0
autoteam/api/control-plane/server.gen.go:621.2,623.16 3 0
autoteam/api/control-plane/server.gen.go:623.16,625.3 1 0
autoteam/api/control-plane/server.gen.go:626.2,627.16 2 0
autoteam/api/control-plane/server.gen.go:627.16,629.3 1 0
autoteam/api/control-plane/server.gen.go:630.2,630.8 1 0
autoteam/cmd/dashboard/main.go:25.13,66.63 3 0
autoteam/cmd/dashboard/main.go:66.63,68.3 1 0
autoteam/cmd/dashboard/main.go:71.64,74.16 2 0
autoteam/cmd/dashboard/main.go:74.16,76.3 1 0
autoteam/cmd/dashboard/main.go:78.2,79.16 2 0
autoteam/cmd/dashboard/main.go:79.16,81.3 1 0
autoteam/cmd/dashboard/main.go:83.2,112.39 7 0
autoteam/cmd/dashboard/main.go:112.39,115.3 2 0
autoteam/cmd/dashboard/main.go:117.2,117.12 1 0
autoteam/internal/control-plane/handlers.go:24.54,28.2 1 0
autoteam/internal/control-plane/handlers.go:31.54,42.34 6 0
autoteam/internal/control-plane/handlers.go:42.34,44.51 2 0
autoteam/internal/control-plane/handlers.go:44.51,46.4 1 0
autoteam/internal/control-plane/handlers.go:50.2,54.34 4 0
autoteam/internal/control-plane/handlers.go:54.34,56.3 1 0
autoteam/internal/control-plane/handlers.go:56.8,56.29 1 0
autoteam/internal/control-plane/handlers.go:56.29,60.3 3 0
autoteam/internal/control-plane/handlers.go:60.8,64.3 3 0
autoteam/internal/control-plane/handlers.go:66.2,78.42 3 0
autoteam/internal/control-plane/handlers.go:82.55,86.34 3 0
autoteam/internal/control-plane/handlers.go:86.34,95.3 2 0
autoteam/internal/control-plane/handlers.go:97.2,103.42 2 0
autoteam/internal/control-plane/handlers.go:107.71,109.16 2 0
autoteam/internal/control-plane/handlers.go:109.16,111.3 1 0
autoteam/internal/control-plane/handlers.go:113.2,126.42 3 0
autoteam/internal/control-plane/handlers.go:130.77,131.94 1 0
autoteam/internal/control-plane/handlers.go:131.94,133.3 1 0
autoteam/internal/control-plane/handlers.go:136.77,137.94 1 0
autoteam/internal/control-plane/handlers.go:137.94,139.3 1 0
autoteam/internal/control-plane/handlers.go:142.77,143.94 1 0
autoteam/internal/control-plane/handlers.go:143.94,145.3 1 0
autoteam/internal/control-plane/handlers.go:148.119,149.94 1 0
autoteam/internal/control-plane/handlers.go:149.94,152.25 2 0
autoteam/internal/control-plane/handlers.go:152.25,155.4 2 0
autoteam/internal/control-plane/handlers.go:156.3,156.26 1 0
autoteam/internal/control-plane/handlers.go:156.26,158.4 1 0
autoteam/internal/control-plane/handlers.go:160.3,160.71 1 0
autoteam/internal/control-plane/handlers.go:164.142,165.94 1 0
autoteam/internal/control-plane/handlers.go:165.94,168.25 2 0
autoteam/internal/control-plane/handlers.go:168.25,170.4 1 0
autoteam/internal/control-plane/handlers.go:172.3,172.84 1 0
autoteam/internal/control-plane/handlers.go:176.75,177.94 1 0
autoteam/internal/control-plane/handlers.go:177.94,179.3 1 0
autoteam/internal/control-plane/handlers.go:182.80,183.94 1 0
autoteam/internal/control-plane/handlers.go:183.94,185.3 1 0
autoteam/internal/control-plane/handlers.go:188.78,189.94 1 0
autoteam/internal/control-plane/handlers.go:189.94,191.3 1 0
autoteam/internal/control-plane/handlers.go:195.59,197.16 2 0
autoteam/internal/control-plane/handlers.go:197.16,199.3 1 0
autoteam/internal/control-plane/handlers.go:201.2,202.16 2 0
autoteam/internal/control-plane/handlers.go:202.16,204.3 1 0
autoteam/internal/control-plane/handlers.go:206.2,206.65 1 0
autoteam/internal/control-plane/handlers.go:210.57,234.2 2 0
autoteam/internal/control-plane/handlers.go:237.135,242.16 3 0
autoteam/internal/control-plane/handlers.go:242.16,245.3 2 0
autoteam/internal/control-plane/handlers.go:248.2,249.16 2 0
autoteam/internal/control-plane/handlers.go:249.16,259.3 3 0
autoteam/internal/control-plane/handlers.go:260.2,269.39 4 0
autoteam/internal/control-plane/handlers.go:269.39,270.32 1 0
autoteam/internal/control-plane/handlers.go:270.32,272.4 1 0
autoteam/internal/control-plane/handlers.go:276.2,277.16 2 0
autoteam/internal/control-plane/handlers.go:277.16,282.3 2 0
autoteam/internal/control-plane/handlers.go:284.2,288.12 2 0
autoteam/internal/control-plane/registry.go:36.84,42.44 2 0
autoteam/internal/control-plane/registry.go:42.44,45.17 3 0
autoteam/internal/control-plane/registry.go:45.17,47.4 1 0
autoteam/internal/control-plane/registry.go:50.2,50.22 1 0
autoteam/internal/control-plane/registry.go:54.71,60.18 4 0
autoteam/internal/control-plane/registry.go:60.18,61.122 1 0
autoteam/internal/control-plane/registry.go:61.122,64.4 2 0
autoteam/internal/control-plane/registry.go:67.2,68.16 2 0
autoteam/internal/control-plane/registry.go:68.16,70.3 1 0
autoteam/internal/control-plane/registry.go:72.2,80.12 2 0
autoteam/internal/control-plane/registry.go:84.74,89.13 4 0
autoteam/internal/control-plane/registry.go:89.13,91.3 1 0
autoteam/internal/control-plane/registry.go:93.2,93.20 1 0
autoteam/internal/control-plane/registry.go:97.71,103.36 4 0
autoteam/internal/control-plane/registry.go:103.36,105.3 1 0
autoteam/internal/control-plane/registry.go:107.2,107.15 1 0
autoteam/internal/control-plane/registry.go:111.82,113.16 2 0
autoteam/internal/control-plane/registry.go:113.16,115.3 1 0
autoteam/internal/control-plane/registry.go:117.2,121.16 3 0
autoteam/internal/control-plane/registry.go:121.16,128.3 3 0
autoteam/internal/control-plane/registry.go:129.2,131.28 2 0
autoteam/internal/control-plane/registry.go:131.28,134.3 2 0
autoteam/internal/control-plane/registry.go:137.2,139.46 3 0
autoteam/internal/control-plane/registry.go:139.46,143.3 1 0
autoteam/internal/control-plane/registry.go:145.2,150.12 3 0
autoteam/internal/control-plane/registry.go:154.94,158.45 3 0
autoteam/internal/control-plane/registry.go:158.45,163.3 4 0
autoteam/internal/control-plane/registry.go:167.67,175.26 5 0
autoteam/internal/control-plane/registry.go:175.26,177.28 2 0
autoteam/internal/control-plane/registry.go:177.28,180.4 2 0
autoteam/internal/control-plane/registry.go:183.2,184.38 2 0
autoteam/internal/control-plane/registry.go:188.47,192.2 3 0
autoteam/internal/control-plane/registry.go:195.54,200.35 4 0
autoteam/internal/control-plane/registry.go:200.35,201.51 1 0
autoteam/internal/control-plane/registry.go:201.51,203.4 1 0
autoteam/internal/control-plane/registry.go:205.2,205.14 1 0
autoteam/internal/control-plane/server.go:37.71,59.2 7 0
autoteam/internal/control-plane/server.go:62.36,82.20 5 0
autoteam/internal/control-plane/server.go:82.20,84.3 1 0
autoteam/internal/control-plane/server.go:88.75,89.36 1 0
autoteam/internal/control-plane/server.go:89.36,91.41 2 0
autoteam/internal/control-plane/server.go:91.41,93.4 1 0
autoteam/internal/control-plane/server.go:94.3,94.17 1 0
autoteam/internal/control-plane/server.go:99.32,105.2 2 0
autoteam/internal/control-plane/server.go:108.51,112.17 2 0
autoteam/internal/control-plane/server.go:112.17,114.17 2 0
autoteam/internal/control-plane/server.go:114.17,116.4 1 0
autoteam/internal/control-plane/server.go:117.3,118.19 2 0
autoteam/internal/control-plane/server.go:122.2,134.12 3 0
autoteam/internal/control-plane/server.go:134.12,135.82 1 0
autoteam/internal/control-plane/server.go:135.82,137.4 1 0
autoteam/internal/control-plane/server.go:140.2,140.12 1 0
autoteam/internal/control-plane/server.go:144.50,148.21 3 0
autoteam/internal/control-plane/server.go:148.21,150.3 1 0
autoteam/internal/control-plane/server.go:152.2,152.12 1 0
autoteam/internal/control-plane/server.go:156.29,158.2 1 0
autoteam/internal/control-plane/server.go:161.34,163.2 1 0
autoteam/internal/control-plane/server.go:171.56,173.2 1 0
autoteam/internal/control-plane/server.go:175.57,177.2 1 0
autoteam/internal/control-plane/server.go:179.73,181.2 1 0
autoteam/internal/control-plane/server.go:183.79,185.2 1 0
autoteam/internal/control-plane/server.go:187.79,189.2 1 0
autoteam/internal/control-plane/server.go:191.79,193.2 1 0
autoteam/internal/control-plane/server.go:195.121,197.2 1 0
autoteam/internal/control-plane/server.go:199.144,201.2 1 0
autoteam/internal/control-plane/server.go:203.77,205.2 1 0
autoteam/internal/control-plane/server.go:207.82,209.2 1 0
autoteam/internal/control-plane/server.go:211.80,213.2 1 0
autoteam/internal/control-plane/server.go:215.61,217.2 1 0
autoteam/internal/control-plane/server.go:219.59,221.2 1 0
autoteam/internal/deps/installer.go:25.54,29.2 1 0
autoteam/internal/deps/installer.go:32.79,35.27 2 0
autoteam/internal/deps/installer.go:35.27,38.3 2 0
autoteam/internal/deps/installer.go:40.2,43.55 2 0
autoteam/internal/deps/installer.go:43.55,45.3 1 0
autoteam/internal/deps/installer.go:48.2,48.39 1 0
autoteam/internal/deps/installer.go:48.39,49.78 1 0
autoteam/internal/deps/installer.go:49.78,51.4 1 0
autoteam/internal/deps/installer.go:54.2,55.12 2 0
autoteam/internal/deps/installer.go:59.74,62.2 2 0
autoteam/internal/deps/installer.go:65.89,70.55 3 0
autoteam/internal/deps/installer.go:70.55,72.3 1 0
autoteam/internal/deps/installer.go:75.2,75.39 1 0
autoteam/internal/deps/installer.go:75.39,76.78 1 0
autoteam/internal/deps/installer.go:76.78,78.4 1 0
autoteam/internal/deps/installer.go:81.2,82.12 2 0
autoteam/internal/deps/installer.go:86.72,90.31 2 0
autoteam/internal/deps/installer.go:90.31,92.3 1 0
autoteam/internal/deps/installer.go:93.2,96.30 2 0
autoteam/internal/deps/installer.go:96.30,98.3 1 0
autoteam/internal/deps/installer.go:99.2,101.12 2 0
autoteam/internal/deps/installer.go:105.106,109.61 2 0
autoteam/internal/deps/installer.go:109.61,111.3 1 0
autoteam/internal/deps/installer.go:113.2,114.12 2 0
autoteam/cmd/worker/main.go:29.13,81.63 3 0
autoteam/cmd/worker/main.go:81.63,83.3 1 0
autoteam/cmd/worker/main.go:86.61,91.23 2 0
autoteam/cmd/worker/main.go:91.23,93.3 1 0
autoteam/cmd/worker/main.go:93.8,93.32 1 0
autoteam/cmd/worker/main.go:93.32,95.3 1 0
autoteam/cmd/worker/main.go:97.2,98.16 2 0
autoteam/cmd/worker/main.go:98.16,100.3 1 0
autoteam/cmd/worker/main.go:102.2,103.16 2 0
autoteam/cmd/worker/main.go:103.16,105.3 1 0
autoteam/cmd/worker/main.go:107.2,118.16 5 0
autoteam/cmd/worker/main.go:118.16,121.3 2 0
autoteam/cmd/worker/main.go:124.2,127.67 2 0
autoteam/cmd/worker/main.go:127.67,130.17 3 0
autoteam/cmd/worker/main.go:130.17,132.4 1 0
autoteam/cmd/worker/main.go:133.3,134.72 2 0
autoteam/cmd/worker/main.go:137.2,148.31 4 0
autoteam/cmd/worker/main.go:148.31,151.20 2 0
autoteam/cmd/worker/main.go:151.20,153.4 1 0
autoteam/cmd/worker/main.go:155.3,163.57 3 0
autoteam/cmd/worker/main.go:163.57,166.4 2 0
autoteam/cmd/worker/main.go:168.3,173.16 2 0
autoteam/cmd/worker/main.go:173.16,174.80 1 0
autoteam/cmd/worker/main.go:174.80,176.5 1 0
autoteam/cmd/worker/main.go:181.2,181.93 1 0
autoteam/cmd/worker/main.go:181.93,184.3 2 0
autoteam/cmd/worker/main.go:187.2,193.12 5 0
autoteam/cmd/worker/main.go:193.12,198.94 3 0
autoteam/cmd/worker/main.go:198.94,200.4 1 0
autoteam/cmd/worker/main.go:202.3,202.11 1 0
autoteam/cmd/worker/main.go:206.2,206.38 1 0
autoteam/cmd/worker/main.go:206.38,209.3 2 0
autoteam/cmd/worker/main.go:214.2,223.23 4 0
autoteam/cmd/worker/main.go:223.23,225.3 1 0
autoteam/cmd/worker/main.go:228.2,228.94 1 0
autoteam/cmd/worker/main.go:228.94,231.3 2 0
autoteam/cmd/worker/main.go:233.2,239.16 3 0
autoteam/cmd/worker/main.go:239.16,243.95 2 0
autoteam/cmd/worker/main.go:243.95,245.4 1 0
autoteam/cmd/worker/main.go:247.3,247.13 1 0
autoteam/cmd/worker/main.go:250.2,250.12 1 0
autoteam/internal/monitor/loop.go:45.78,68.2 6 0
autoteam/internal/monitor/loop.go:71.52,73.2 1 0
autoteam/internal/monitor/loop.go:76.52,84.47 3 0
autoteam/internal/monitor/loop.go:84.47,86.3 1 0
autoteam/internal/monitor/loop.go:89.2,89.6 1 0
autoteam/internal/monitor/loop.go:89.6,91.10 1 0
autoteam/internal/monitor/loop.go:92.21,96.48 2 0
autoteam/internal/monitor/loop.go:96.48,98.5 1 0
autoteam/internal/monitor/loop.go:100.4,100.20 1 0
autoteam/internal/monitor/loop.go:101.11,101.11 0 0
autoteam/internal/monitor/loop.go:105.3,106.49 2 0
autoteam/internal/monitor/loop.go:106.49,108.4 1 0
autoteam/internal/monitor/loop.go:109.3,120.10 5 0
autoteam/internal/monitor/loop.go:121.21,125.48 2 0
autoteam/internal/monitor/loop.go:125.48,127.5 1 0
autoteam/internal/monitor/loop.go:129.4,129.20 1 0
autoteam/internal/monitor/loop.go:130.45,130.45 0 0
autoteam/internal/monitor/loop.go:137.63,142.28 3 0
autoteam/internal/monitor/loop.go:142.28,145.3 2 0
autoteam/internal/monitor/loop.go:148.2,151.28 2 0
autoteam/internal/monitor/loop.go:151.28,154.3 2 0
autoteam/internal/monitor/loop.go:156.2,156.16 1 0
autoteam/internal/monitor/loop.go:156.16,159.3 2 0
autoteam/internal/monitor/loop.go:161.2,161.21 1 0
autoteam/internal/monitor/loop.go:161.21,166.3 2 0
autoteam/internal/monitor/loop.go:168.2,173.42 2 0
autoteam/internal/monitor/loop.go:173.42,178.3 1 0
autoteam/internal/monitor/loop.go:180.2,180.12 1 0
autoteam/internal/monitor/loop.go:184.62,185.25 1 0
autoteam/internal/monitor/loop.go:185.25,187.3 1 0
autoteam/internal/monitor/loop.go:189.2,194.12 3 0
autoteam/internal/monitor/loop.go:198.61,199.53 1 0
autoteam/internal/monitor/loop.go:199.53,203.3 3 0
autoteam/internal/monitor/loop.go:204.2,204.12 1 0
autoteam/internal/task/log_stream.go:24.61,29.2 2 0
autoteam/internal/task/log_stream.go:33.55,37.21 3 0
autoteam/internal/task/log_stream.go:37.21,39.3 1 0
autoteam/internal/task/log_stream.go:39.8,41.3 1 0
autoteam/internal/task/log_stream.go:44.2,58.27 7 0
autoteam/internal/task/log_stream.go:58.27,62.3 2 0
autoteam/internal/task/log_stream.go:65.2,65.22 1 0
autoteam/internal/task/log_stream.go:65.22,67.3 1 0
autoteam/internal/task/log_stream.go:69.2,69.19 1 0
autoteam/internal/task/log_stream.go:73.105,77.53 2 0
autoteam/internal/task/log_stream.go:77.53,79.3 1 0
autoteam/internal/task/log_stream.go:82.2,95.16 7 0
autoteam/internal/task/log_stream.go:95.16,97.3 1 0
autoteam/internal/task/log_stream.go:100.2,102.52 2 0
autoteam/internal/task/log_stream.go:102.52,105.3 2 0
autoteam/internal/task/log_stream.go:107.2,107.18 1 0
autoteam/internal/task/log_stream.go:111.35,113.2 1 0
autoteam/internal/task/log_stream.go:122.83,127.2 1 0
autoteam/internal/task/log_stream.go:130.63,132.2 1 0
autoteam/internal/task/log_stream.go:135.42,136.20 1 0
autoteam/internal/task/log_stream.go:136.20,138.3 1 0
autoteam/internal/task/log_stream.go:139.2,139.12 1 0
autoteam/internal/task/parser.go:16.61,22.29 3 0
autoteam/internal/task/parser.go:22.29,26.17 2 0
autoteam/internal/task/parser.go:26.17,27.12 1 0
autoteam/internal/task/parser.go:31.3,37.17 5 0
autoteam/internal/task/parser.go:37.17,38.12 1 0
autoteam/internal/task/parser.go:42.3,52.26 2 0
autoteam/internal/task/parser.go:55.2,55.22 1 0
autoteam/internal/task/parser.go:59.38,61.2 1 0
autoteam/internal/task/parser.go:64.65,67.21 2 0
autoteam/internal/task/parser.go:67.21,69.3 1 0
autoteam/internal/task/parser.go:72.2,73.21 2 0
autoteam/internal/task/parser.go:73.21,75.3 1 0
autoteam/internal/task/parser.go:76.2,85.43 6 0
autoteam/internal/task/parser.go:85.43,88.14 2 0
autoteam/internal/task/parser.go:88.14,90.12 2 0
autoteam/internal/task/parser.go:93.3,93.31 1 0
autoteam/internal/task/parser.go:93.31,95.12 2 0
autoteam/internal/task/parser.go:98.3,98.18 1 0
autoteam/internal/task/parser.go:98.18,100.12 2 0
autoteam/internal/task/parser.go:103.3,103.16 1 0
autoteam/internal/task/parser.go:103.16,104.19 1 0
autoteam/internal/task/parser.go:104.19,106.5 1 0
autoteam/internal/task/parser.go:106.10,106.26 1 0
autoteam/internal/task/parser.go:106.26,108.19 2 0
autoteam/internal/task/parser.go:108.19,110.11 2 0
autoteam/internal/task/parser.go:116.2,116.19 1 0
autoteam/internal/task/parser.go:116.19,118.3 1 0
autoteam/internal/task/parser.go:121.2,125.69 3 0
autoteam/internal/task/parser.go:125.69,127.3 1 0
autoteam/internal/task/parser.go:130.2,131.29 2 0
autoteam/internal/task/parser.go:131.29,133.22 2 0
autoteam/internal/task/parser.go:133.22,135.4 1 0
autoteam/internal/task/parser.go:138.2,138.24 1 0
autoteam/internal/task/parser.go:143.62,146.18 2 0
autoteam/internal/task/parser.go:146.18,148.3 1 0
autoteam/internal/task/parser.go:151.2,152.16 2 0
autoteam/internal/task/parser.go:152.16,154.33 1 0
autoteam/internal/task/parser.go:154.33,156.4 1 0
autoteam/internal/task/parser.go:157.3,157.24 1 0
autoteam/internal/task/parser.go:161.2,163.29 2 0
autoteam/internal/task/parser.go:163.29,167.17 2 0
autoteam/internal/task/parser.go:167.17,168.12 1 0
autoteam/internal/task/parser.go:172.3,172.60 1 0
autoteam/internal/task/parser.go:172.60,173.12 1 0
autoteam/internal/task/parser.go:177.3,180.17 2 0
autoteam/internal/task/parser.go:180.17,181.12 1 0
autoteam/internal/task/parser.go:185.3,185.30 1 0
autoteam/internal/task/parser.go:188.2,188.23 1 0
autoteam/internal/task/parser.go:192.40,210.2 10 0
autoteam/internal/task/parser.go:213.60,215.64 2 0
autoteam/internal/task/parser.go:215.64,217.3 1 0
autoteam/internal/task/parser.go:218.2,218.24 1 0
autoteam/internal/task/parser.go:222.65,226.42 2 0
autoteam/internal/task/parser.go:226.42,237.3 2 0
autoteam/internal/task/parser.go:239.2,239.17 1 0
autoteam/internal/task/service.go:21.49,25.2 1 0
autoteam/internal/task/service.go:28.70,33.16 3 0
autoteam/internal/task/service.go:33.16,34.25 1 0
autoteam/internal/task/service.go:34.25,37.4 2 0
autoteam/internal/task/service.go:38.3,38.63 1 0
autoteam/internal/task/service.go:42.2,43.16 2 0
autoteam/internal/task/service.go:43.16,48.73 3 0
autoteam/internal/task/service.go:48.73,49.91 1 0
autoteam/internal/task/service.go:49.91,56.75 2 0
autoteam/internal/task/service.go:56.75,59.6 2 0
autoteam/internal/task/service.go:59.11,61.6 1 0
autoteam/internal/task/service.go:63.5,63.32 1 0
autoteam/internal/task/service.go:64.10,66.5 1 0
autoteam/internal/task/service.go:67.9,69.4 1 0
autoteam/internal/task/service.go:72.3,73.29 2 0
autoteam/internal/task/service.go:76.2,81.23 2 0
autoteam/internal/task/service.go:85.78,89.73 2 0
autoteam/internal/task/service.go:89.73,91.3 1 0
autoteam/internal/task/service.go:94.2,94.22 1 0
autoteam/internal/task/service.go:94.22,96.3 1 0
autoteam/internal/task/service.go:99.2,100.16 2 0
autoteam/internal/task/service.go:100.16,102.3 1 0
autoteam/internal/task/service.go:105.2,105.20 1 0
autoteam/internal/task/service.go:105.20,107.3 1 0
autoteam/internal/task/service.go:110.2,114.52 3 0
autoteam/internal/task/service.go:114.52,115.65 1 0
autoteam/internal/task/service.go:115.65,117.4 1 0
autoteam/internal/task/service.go:121.2,121.59 1 0
autoteam/internal/task/service.go:121.59,123.3 1 0
autoteam/internal/task/service.go:126.2,126.61 1 0
autoteam/internal/task/service.go:126.61,130.3 2 0
autoteam/internal/task/service.go:133.2,140.12 3 0
autoteam/internal/task/service.go:144.51,146.16 2 0
autoteam/internal/task/service.go:146.16,148.3 1 0
autoteam/internal/task/service.go:149.2,149.44 1 0
autoteam/internal/task/service.go:154.95,159.16 3 0
autoteam/internal/task/service.go:159.16,162.3 2 0
autoteam/internal/task/service.go:164.2,173.50 3 0
autoteam/internal/task/service.go:173.50,175.3 1 0
autoteam/internal/task/service.go:178.2,178.50 1 0
autoteam/internal/task/service.go:178.50,180.3 1 0
autoteam/internal/task/service.go:183.2,183.40 1 0
autoteam/internal/task/service.go:183.40,184.45 1 0
autoteam/internal/task/service.go:184.45,186.4 1 0
autoteam/internal/task/service.go:189.2,194.25 2 0
autoteam/internal/task/service.go:198.100,201.16 2 0
autoteam/internal/task/service.go:201.16,203.3 1 0
autoteam/internal/task/service.go:206.2,206.54 1 0
autoteam/internal/task/service.go:206.54,208.3 1 0
autoteam/internal/task/service.go:210.2,210.25 1 0
autoteam/internal/task/service.go:214.88,219.16 3 0
autoteam/internal/task/service.go:219.16,221.3 1 0
autoteam/internal/task/service.go:224.2,224.50 1 0
autoteam/internal/task/service.go:224.50,228.3 2 0
autoteam/internal/task/service.go:231.2,234.52 2 0
autoteam/internal/task/service.go:234.52,236.3 1 0
autoteam/internal/task/service.go:238.2,243.12 2 0
autoteam/internal/task/service.go:247.58,250.2 2 0
autoteam/internal/task/service.go:253.41,255.2 1 0
autoteam/internal/task/service.go:258.69,260.2 1 0
autoteam/internal/task/types.go:60.100,72.2 1 0
autoteam/internal/task/types.go:75.30,80.2 1 0
autoteam/internal/task/types.go:83.40,85.2 1 0
autoteam/internal/task/types.go:88.52,89.24 1 0
autoteam/internal/task/types.go:89.24,91.3 1 0
autoteam/internal/task/types.go:93.2,94.37 2 0
autoteam/internal/task/types.go:94.37,95.58 1 0
autoteam/internal/task/types.go:95.58,97.4 1 0
autoteam/internal/task/types.go:100.2,100.28 1 0
autoteam/internal/task/types.go:104.59,106.32 2 0
autoteam/internal/task/types.go:106.32,107.32 1 0
autoteam/internal/task/types.go:107.32,109.4 1 0
autoteam/internal/task/types.go:111.2,111.17 1 0
autoteam/internal/task/types.go:115.58,117.32 2 0
autoteam/internal/task/types.go:117.32,118.28 1 0
autoteam/internal/task/types.go:118.28,120.4 1 0
autoteam/internal/task/types.go:122.2,122.17 1 0
autoteam/internal/task/types.go:126.62,128.32 2 0
autoteam/internal/task/types.go:128.32,129.32 1 0
autoteam/internal/task/types.go:129.32,131.4 1 0
autoteam/internal/task/types.go:133.2,133.17 1 0
autoteam/internal/task/types.go:137.33,139.2 1 0
autoteam/internal/task/types.go:142.36,144.2 1 0
autoteam/internal/task/types.go:147.32,152.2 1 0
autoteam/internal/task/types.go:155.47,156.16 1 0
autoteam/internal/task/types.go:156.16,158.3 1 0
autoteam/internal/task/types.go:162.46,164.35 1 0
autoteam/internal/task/types.go:164.35,165.23 1 0
autoteam/internal/task/types.go:165.23,167.9 2 0
autoteam/internal/task/types.go:171.2,171.33 1 0
autoteam/internal/task/types.go:175.38,177.2 1 0
autoteam/internal/task/types.go:180.38,182.2 1 0
autoteam/internal/task/types.go:185.38,187.2 1 0
autoteam/internal/task/types.go:190.47,191.16 1 0
autoteam/internal/task/types.go:191.16,193.3 1 0
autoteam/internal/task/types.go:197.57,198.35 1 0
autoteam/internal/task/types.go:198.35,199.23 1 0
autoteam/internal/task/types.go:199.23,201.4 1 0
autoteam/internal/task/types.go:203.2,203.14 1 0
autoteam/internal/testutil/testutil.go:10.41,14.16 3 0
autoteam/internal/testutil/testutil.go:14.16,16.3 1 0
autoteam/internal/testutil/testutil.go:18.2,18.19 1 0
autoteam/internal/testutil/testutil.go:18.19,20.3 1 0
autoteam/internal/testutil/testutil.go:22.2,22.16 1 0
autoteam/internal/testutil/testutil.go:26.73,30.70 3 0
autoteam/internal/testutil/testutil.go:30.70,32.3 1 0
autoteam/internal/testutil/testutil.go:34.2,34.17 1 0
autoteam/internal/testutil/testutil.go:38.35,41.2 2 0
autoteam/internal/testutil/testutil.go:44.34,46.16 2 0
autoteam/internal/testutil/testutil.go:46.16,48.3 1 0
autoteam/internal/testutil/testutil.go:49.2,49.21 1 0
autoteam/internal/testutil/testutil.go:53.49,57.16 3 0
autoteam/internal/testutil/testutil.go:57.16,59.3 1 0
autoteam/internal/testutil/testutil.go:61.2,61.24 1 0
autoteam/api/worker/client.gen.go:51.70,57.25 2 1
autoteam/api/worker/client.gen.go:57.25,58.36 1 0
autoteam/api/worker/client.gen.go:58.36,60.4 1 0
autoteam/api/worker/client.gen.go:63.2,63.44 1 1
autoteam/api/worker/client.gen.go:63.44,65.3 1 1
autoteam/api/worker/client.gen.go:67.2,67.26 1 1
autoteam/api/worker/client.gen.go:67.26,69.3 1 1
autoteam/api/worker/client.gen.go:70.2,70.21 1 1
autoteam/api/worker/client.gen.go:75.56,76.31 1 0
autoteam/api/worker/client.gen.go:76.31,79.3 2 0
autoteam/api/worker/client.gen.go:84.59,85.31 1 0
autoteam/api/worker/client.gen.go:85.31,88.3 2 0
autoteam/api/worker/client.gen.go:124.104,126.16 2 0
autoteam/api/worker/client.gen.go:126.16,128.3 1 0
autoteam/api/worker/client.gen.go:129.2,130.61 2 0
autoteam/api/worker/client.gen.go:130.61,132.3 1 0
autoteam/api/worker/client.gen.go:133.2,133.25 1 0
autoteam/api/worker/client.gen.go:136.107,138.16 2 0
autoteam/api/worker/client.gen.go:138.16,140.3 1 0
autoteam/api/worker/client.gen.go:141.2,142.61 2 0
autoteam/api/worker/client.gen.go:142.61,144.3 1 0
autoteam/api/worker/client.gen.go:145.2,145.25 1 0
autoteam/api/worker/client.gen.go:148.102,150.16 2 0
autoteam/api/worker/client.gen.go:150.16,152.3 1 0
autoteam/api/worker/client.gen.go:153.2,154.61 2 0
autoteam/api/worker/client.gen.go:154.61,156.3 1 0
autoteam/api/worker/client.gen.go:157.2,157.25 1 0
autoteam/api/worker/client.gen.go:160.107,162.16 2 0
autoteam/api/worker/client.gen.go:162.16,164.3 1 0
autoteam/api/worker/client.gen.go:165.2,166.61 2 0
autoteam/api/worker/client.gen.go:166.61,168.3 1 0
autoteam/api/worker/client.gen.go:169.2,169.25 1 0
autoteam/api/worker/client.gen.go:172.104,174.16 2 0
autoteam/api/worker/client.gen.go:174.16,176.3 1 0
autoteam/api/worker/client.gen.go:177.2,178.61 2 0
autoteam/api/worker/client.gen.go:178.61,180.3 1 0
autoteam/api/worker/client.gen.go:181.2,181.25 1 0
autoteam/api/worker/client.gen.go:184.125,186.16 2 0
autoteam/api/worker/client.gen.go:186.16,188.3 1 0
autoteam/api/worker/client.gen.go:189.2,190.61 2 0
autoteam/api/worker/client.gen.go:190.61,192.3 1 0
autoteam/api/worker/client.gen.go:193.2,193.25 1 0
autoteam/api/worker/client.gen.go:196.148,198.16 2 0
autoteam/api/worker/client.gen.go:198.16,200.3 1 0
autoteam/api/worker/client.gen.go:201.2,202.61 2 0
autoteam/api/worker/client.gen.go:202.61,204.3 1 0
autoteam/api/worker/client.gen.go:205.2,205.25 1 0
autoteam/api/worker/client.gen.go:208.105,210.16 2 0
autoteam/api/worker/client.gen.go:210.16,212.3 1 0
autoteam/api/worker/client.gen.go:213.2,214.61 2 0
autoteam/api/worker/client.gen.go:214.61,216.3 1 0
autoteam/api/worker/client.gen.go:217.2,217.25 1 0
autoteam/api/worker/client.gen.go:220.109,222.16 2 0
autoteam/api/worker/client.gen.go:222.16,224.3 1 0
autoteam/api/worker/client.gen.go:225.2,226.61 2 0
autoteam/api/worker/client.gen.go:226.61,228.3 1 0
autoteam/api/worker/client.gen.go:229.2,229.25 1 0
autoteam/api/worker/client.gen.go:232.104,234.16 2 0
autoteam/api/worker/client.gen.go:234.16,236.3 1 0
autoteam/api/worker/client.gen.go:237.2,238.61 2 0
autoteam/api/worker/client.gen.go:238.61,240.3 1 0
autoteam/api/worker/client.gen.go:241.2,241.25 1 0
autoteam/api/worker/client.gen.go:245.64,249.16 3 0
autoteam/api/worker/client.gen.go:249.16,251.3 1 0
autoteam/api/worker/client.gen.go:253.2,254.29 2 0
autoteam/api/worker/client.gen.go:254.29,256.3 1 0
autoteam/api/worker/client.gen.go:258.2,259.16 2 0
autoteam/api/worker/client.gen.go:259.16,261.3 1 0
autoteam/api/worker/client.gen.go:263.2,264.16 2 0
autoteam/api/worker/client.gen.go:264.16,266.3 1 0
autoteam/api/worker/client.gen.go:268.2,268.17 1 0
autoteam/api/worker/client.gen.go:272.67,276.16 3 0
autoteam/api/worker/client.gen.go:276.16,278.3 1 0
autoteam/api/worker/client.gen.go:280.2,281.29 2 0
autoteam/api/worker/client.gen.go:281.29,283.3 1 0
autoteam/api/worker/client.gen.go:285.2,286.16 2 0
autoteam/api/worker/client.gen.go:286.16,288.3 1 0
autoteam/api/worker/client.gen.go:290.2,291.16 2 0
autoteam/api/worker/client.gen.go:291.16,293.3 1 0
autoteam/api/worker/client.gen.go:295.2,295.17 1 0
autoteam/api/worker/client.gen.go:299.62,303.16 3 0
autoteam/api/worker/client.gen.go:303.16,305.3 1 0
autoteam/api/worker/client.gen.go:307.2,308.29 2 0
autoteam/api/worker/client.gen.go:308.29,310.3 1 0
autoteam/api/worker/client.gen.go:312.2,313.16 2 0
autoteam/api/worker/client.gen.go:313.16,315.3 1 0
autoteam/api/worker/client.gen.go:317.2,318.16 2 0
autoteam/api/worker/client.gen.go:318.16,320.3 1 0
autoteam/api/worker/client.gen.go:322.2,322.17 1 0
autoteam/api/worker/client.gen.go:326.67,330.16 3 0
autoteam/api/worker/client.gen.go:330.16,332.3 1 0
autoteam/api/worker/client.gen.go:334.2,335.29 2 0
autoteam/api/worker/client.gen.go:335.29,337.3 1 0
autoteam/api/worker/client.gen.go:339.2,340.16 2 0
autoteam/api/worker/client.gen.go:340.16,342.3 1 0
autoteam/api/worker/client.gen.go:344.2,345.16 2 0
autoteam/api/worker/client.gen.go:345.16,347.3 1 0
autoteam/api/worker/client.gen.go:349.2,349.17 1 0
autoteam/api/worker/client.gen.go:353.64,357.16 3 0
autoteam/api/worker/client.gen.go:357.16,359.3 1 0
autoteam/api/worker/client.gen.go:361.2,362.29 2 0
autoteam/api/worker/client.gen.go:362.29,364.3 1 0
autoteam/api/worker/client.gen.go:366.2,367.16 2 0
autoteam/api/worker/client.gen.go:367.16,369.3 1 0
autoteam/api/worker/client.gen.go:371.2,372.16 2 0
autoteam/api/worker/client.gen.go:372.16,374.3 1 0
autoteam/api/worker/client.gen.go:376.2,376.17 1 0
autoteam/api/worker/client.gen.go:380.85,384.16 3 0
autoteam/api/worker/client.gen.go:384.16,386.3 1 0
autoteam/api/worker/client.gen.go:388.2,389.29 2 0
autoteam/api/worker/client.gen.go:389.29,391.3 1 0
autoteam/api/worker/client.gen.go:393.2,394.16 2 0
autoteam/api/worker/client.gen.go:394.16,396.3 1 0
autoteam/api/worker/client.gen.go:398.2,398.19 1 0
autoteam/api/worker/client.gen.go:398.19,401.25 2 0
autoteam/api/worker/client.gen.go:401.25,403.132 1 0
autoteam/api/worker/client.gen.go:403.132,405.5 1 0
autoteam/api/worker/client.gen.go:405.10,405.67 1 0
autoteam/api/worker/client.gen.go:405.67,407.5 1 0
autoteam/api/worker/client.gen.go:407.10,408.30 1 0
autoteam/api/worker/client.gen.go:408.30,409.27 1 0
autoteam/api/worker/client.gen.go:409.27,411.7 1 0
autoteam/api/worker/client.gen.go:417.3,417.26 1 0
autoteam/api/worker/client.gen.go:417.26,419.134 1 0
autoteam/api/worker/client.gen.go:419.134,421.5 1 0
autoteam/api/worker/client.gen.go:421.10,421.67 1 0
autoteam/api/worker/client.gen.go:421.67,423.5 1 0
autoteam/api/worker/client.gen.go:423.10,424.30 1 0
autoteam/api/worker/client.gen.go:424.30,425.27 1 0
autoteam/api/worker/client.gen.go:425.27,427.7 1 0
autoteam/api/worker/client.gen.go:433.3,433.43 1 0
autoteam/api/worker/client.gen.go:436.2,437.16 2 0
autoteam/api/worker/client.gen.go:437.16,439.3 1 0
autoteam/api/worker/client.gen.go:441.2,441.17 1 0
autoteam/api/worker/client.gen.go:445.108,451.16 4 0
autoteam/api/worker/client.gen.go:451.16,453.3 1 0
autoteam/api/worker/client.gen.go:455.2,456.16 2 0
autoteam/api/worker/client.gen.go:456.16,458.3 1 0
autoteam/api/worker/client.gen.go:460.2,461.29 2 0
autoteam/api/worker/client.gen.go:461.29,463.3 1 0
autoteam/api/worker/client.gen.go:465.2,466.16 2 0
autoteam/api/worker/client.gen.go:466.16,468.3 1 0
autoteam/api/worker/client.gen.go:470.2,470.19 1 0
autoteam/api/worker/client.gen.go:470.19,473.25 2 0
autoteam/api/worker/client.gen.go:473.25,475.132 1 0
autoteam/api/worker/client.gen.go:475.132,477.5 1 0
autoteam/api/worker/client.gen.go:477.10,477.67 1 0
autoteam/api/worker/client.gen.go:477.67,479.5 1 0
autoteam/api/worker/client.gen.go:479.10,480.30 1 0
autoteam/api/worker/client.gen.go:480.30,481.27 1 0
autoteam/api/worker/client.gen.go:481.27,483.7 1 0
autoteam/api/worker/client.gen.go:489.3,489.43 1 0
autoteam/api/worker/client.gen.go:492.2,493.16 2 0
autoteam/api/worker/client.gen.go:493.16,495.3 1 0
autoteam/api/worker/client.gen.go:497.2,497.17 1 0
autoteam/api/worker/client.gen.go:501.65,505.16 3 0
autoteam/api/worker/client.gen.go:505.16,507.3 1 0
autoteam/api/worker/client.gen.go:509.2,510.29 2 0
autoteam/api/worker/client.gen.go:510.29,512.3 1 0
autoteam/api/worker/client.gen.go:514.2,515.16 2 0
autoteam/api/worker/client.gen.go:515.16,517.3 1 0
autoteam/api/worker/client.gen.go:519.2,520.16 2 0
autoteam/api/worker/client.gen.go:520.16,522.3 1 0
autoteam/api/worker/client.gen.go:524.2,524.17 1 0
autoteam/api/worker/client.gen.go:528.69,532.16 3 0
autoteam/api/worker/client.gen.go:532.16,534.3 1 0
autoteam/api/worker/client.gen.go:536.2,537.29 2 0
autoteam/api/worker/client.gen.go:537.29,539.3 1 0
autoteam/api/worker/client.gen.go:541.2,542.16 2 0
autoteam/api/worker/client.gen.go:542.16,544.3 1 0
autoteam/api/worker/client.gen.go:546.2,547.16 2 0
autoteam/api/worker/client.gen.go:547.16,549.3 1 0
autoteam/api/worker/client.gen.go:551.2,551.17 1 0
autoteam/api/worker/client.gen.go:555.64,559.16 3 0
autoteam/api/worker/client.gen.go:559.16,561.3 1 0
autoteam/api/worker/client.gen.go:563.2,564.29 2 0
autoteam/api/worker/client.gen.go:564.29,566.3 1 0
autoteam/api/worker/client.gen.go:568.2,569.16 2 0
autoteam/api/worker/client.gen.go:569.16,571.3 1 0
autoteam/api/worker/client.gen.go:573.2,574.16 2 0
autoteam/api/worker/client.gen.go:574.16,576.3 1 0
autoteam/api/worker/client.gen.go:578.2,578.17 1 0
autoteam/api/worker/client.gen.go:581.114,582.37 1 0
autoteam/api/worker/client.gen.go:582.37,583.37 1 0
autoteam/api/worker/client.gen.go:583.37,585.4 1 0
autoteam/api/worker/client.gen.go:587.2,587.38 1 0
autoteam/api/worker/client.gen.go:587.38,588.37 1 0
autoteam/api/worker/client.gen.go:588.37,590.4 1 0
autoteam/api/worker/client.gen.go:592.2,592.12 1 0
autoteam/api/worker/client.gen.go:602.96,604.16 2 0
autoteam/api/worker/client.gen.go:604.16,606.3 1 0
autoteam/api/worker/client.gen.go:607.2,607.42 1 0
autoteam/api/worker/client.gen.go:611.47,612.31 1 0
autoteam/api/worker/client.gen.go:612.31,614.17 2 0
autoteam/api/worker/client.gen.go:614.17,616.4 1 0
autoteam/api/worker/client.gen.go:617.3,618.13 2 0
autoteam/api/worker/client.gen.go:663.44,664.27 1 0
autoteam/api/worker/client.gen.go:664.27,666.3 1 0
autoteam/api/worker/client.gen.go:667.2,667.27 1 0
autoteam/api/worker/client.gen.go:671.45,672.27 1 0
autoteam/api/worker/client.gen.go:672.27,674.3 1 0
autoteam/api/worker/client.gen.go:675.2,675.10 1 0
autoteam/api/worker/client.gen.go:684.47,685.27 1 0
autoteam/api/worker/client.gen.go:685.27,687.3 1 0
autoteam/api/worker/client.gen.go:688.2,688.27 1 0
autoteam/api/worker/client.gen.go:692.48,693.27 1 0
autoteam/api/worker/client.gen.go:693.27,695.3 1 0
autoteam/api/worker/client.gen.go:696.2,696.10 1 0
autoteam/api/worker/client.gen.go:707.42,708.27 1 0
autoteam/api/worker/client.gen.go:708.27,710.3 1 0
autoteam/api/worker/client.gen.go:711.2,711.27 1 0
autoteam/api/worker/client.gen.go:715.43,716.27 1 0
autoteam/api/worker/client.gen.go:716.27,718.3 1 0
autoteam/api/worker/client.gen.go:719.2,719.10 1 0
autoteam/api/worker/client.gen.go:730.47,731.27 1 0
autoteam/api/worker/client.gen.go:731.27,733.3 1 0
autoteam/api/worker/client.gen.go:734.2,734.27 1 0
autoteam/api/worker/client.gen.go:738.48,739.27 1 0
autoteam/api/worker/client.gen.go:739.27,741.3 1 0
autoteam/api/worker/client.gen.go:742.2,742.10 1 0
autoteam/api/worker/client.gen.go:753.44,754.27 1 0
autoteam/api/worker/client.gen.go:754.27,756.3 1 0
autoteam/api/worker/client.gen.go:757.2,757.27 1 0
autoteam/api/worker/client.gen.go:761.45,762.27 1 0
autoteam/api/worker/client.gen.go:762.27,764.3 1 0
autoteam/api/worker/client.gen.go:765.2,765.10 1 0
autoteam/api/worker/client.gen.go:777.42,778.27 1 0
autoteam/api/worker/client.gen.go:778.27,780.3 1 0
autoteam/api/worker/client.gen.go:781.2,781.27 1 0
autoteam/api/worker/client.gen.go:785.43,786.27 1 0
autoteam/api/worker/client.gen.go:786.27,788.3 1 0
autoteam/api/worker/client.gen.go:789.2,789.10 1 0
autoteam/api/worker/client.gen.go:801.45,802.27 1 0
autoteam/api/worker/client.gen.go:802.27,804.3 1 0
autoteam/api/worker/client.gen.go:805.2,805.27 1 0
autoteam/api/worker/client.gen.go:809.46,810.27 1 0
autoteam/api/worker/client.gen.go:810.27,812.3 1 0
autoteam/api/worker/client.gen.go:813.2,813.10 1 0
autoteam/api/worker/client.gen.go:824.45,825.27 1 0
autoteam/api/worker/client.gen.go:825.27,827.3 1 0
autoteam/api/worker/client.gen.go:828.2,828.27 1 0
autoteam/api/worker/client.gen.go:832.46,833.27 1 0
autoteam/api/worker/client.gen.go:833.27,835.3 1 0
autoteam/api/worker/client.gen.go:836.2,836.10 1 0
autoteam/api/worker/client.gen.go:846.49,847.27 1 0
autoteam/api/worker/client.gen.go:847.27,849.3 1 0
autoteam/api/worker/client.gen.go:850.2,850.27 1 0
autoteam/api/worker/client.gen.go:854.50,855.27 1 0
autoteam/api/worker/client.gen.go:855.27,857.3 1 0
autoteam/api/worker/client.gen.go:858.2,858.10 1 0
autoteam/api/worker/client.gen.go:869.44,870.27 1 0
autoteam/api/worker/client.gen.go:870.27,872.3 1 0
autoteam/api/worker/client.gen.go:873.2,873.27 1 0
autoteam/api/worker/client.gen.go:877.45,878.27 1 0
autoteam/api/worker/client.gen.go:878.27,880.3 1 0
autoteam/api/worker/client.gen.go:881.2,881.10 1 0
autoteam/api/worker/client.gen.go:885.133,887.16 2 0
autoteam/api/worker/client.gen.go:887.16,889.3 1 0
autoteam/api/worker/client.gen.go:890.2,890.36 1 0
autoteam/api/worker/client.gen.go:894.139,896.16 2 0
autoteam/api/worker/client.gen.go:896.16,898.3 1 0
autoteam/api/worker/client.gen.go:899.2,899.39 1 0
autoteam/api/worker/client.gen.go:903.129,905.16 2 0
autoteam/api/worker/client.gen.go:905.16,907.3 1 0
autoteam/api/worker/client.gen.go:908.2,908.34 1 0
autoteam/api/worker/client.gen.go:912.139,914.16 2 0
autoteam/api/worker/client.gen.go:914.16,916.3 1 0
autoteam/api/worker/client.gen.go:917.2,917.39 1 0
autoteam/api/worker/client.gen.go:921.133,923.16 2 0
autoteam/api/worker/client.gen.go:923.16,925.3 1 0
autoteam/api/worker/client.gen.go:926.2,926.36 1 0
autoteam/api/worker/client.gen.go:930.152,932.16 2 0
autoteam/api/worker/client.gen.go:932.16,934.3 1 0
autoteam/api/worker/client.gen.go:935.2,935.34 1 0
autoteam/api/worker/client.gen.go:939.178,941.16 2 0
autoteam/api/worker/client.gen.go:941.16,943.3 1 0
autoteam/api/worker/client.gen.go:944.2,944.37 1 0
autoteam/api/worker/client.gen.go:948.135,950.16 2 0
autoteam/api/worker/client.gen.go:950.16,952.3 1 0
autoteam/api/worker/client.gen.go:953.2,953.37 1 0
autoteam/api/worker/client.gen.go:957.143,959.16 2 0
autoteam/api/worker/client.gen.go:959.16,961.3 1 0
autoteam/api/worker/client.gen.go:962.2,962.41 1 0
autoteam/api/worker/client.gen.go:966.133,968.16 2 0
autoteam/api/worker/client.gen.go:968.16,970.3 1 0
autoteam/api/worker/client.gen.go:971.2,971.36 1 0
autoteam/api/worker/client.gen.go:975.77,977.15 2 0
autoteam/api/worker/client.gen.go:977.15,977.39 1 0
autoteam/api/worker/client.gen.go:978.2,978.16 1 0
autoteam/api/worker/client.gen.go:978.16,980.3 1 0
autoteam/api/worker/client.gen.go:982.2,987.9 2 0
autoteam/api/worker/client.gen.go:988.89,990.58 2 0
autoteam/api/worker/client.gen.go:990.58,992.4 1 0
autoteam/api/worker/client.gen.go:993.3,993.27 1 0
autoteam/api/worker/client.gen.go:995.89,997.58 2 0
autoteam/api/worker/client.gen.go:997.58,999.4 1 0
autoteam/api/worker/client.gen.go:1000.3,1000.27 1 0
autoteam/api/worker/client.gen.go:1004.2,1004.22 1 0
autoteam/api/worker/client.gen.go:1008.83,1010.15 2 0
autoteam/api/worker/client.gen.go:1010.15,1010.39 1 0
autoteam/api/worker/client.gen.go:1011.2,1011.16 1 0
autoteam/api/worker/client.gen.go:1011.16,1013.3 1 0
autoteam/api/worker/client.gen.go:1015.2,1020.22 2 0
autoteam/api/worker/client.gen.go:1024.73,1026.15 2 0
autoteam/api/worker/client.gen.go:1026.15,1026.39 1 0
autoteam/api/worker/client.gen.go:1027.2,1027.16 1 0
autoteam/api/worker/client.gen.go:1027.16,1029.3 1 0
autoteam/api/worker/client.gen.go:1031.2,1036.9 2 0
autoteam/api/worker/client.gen.go:1037.89,1039.58 2 0
autoteam/api/worker/client.gen.go:1039.58,1041.4 1 0
autoteam/api/worker/client.gen.go:1042.3,1042.27 1 0
autoteam/api/worker/client.gen.go:1044.89,1046.58 2 0
autoteam/api/worker/client.gen.go:1046.58,1048.4 1 0
autoteam/api/worker/client.gen.go:1049.3,1049.27 1 0
autoteam/api/worker/client.gen.go:1053.2,1053.22 1 0
autoteam/api/worker/client.gen.go:1057.83,1059.15 2 0
autoteam/api/worker/client.gen.go:1059.15,1059.39 1 0
autoteam/api/worker/client.gen.go:1060.2,1060.16 1 0
autoteam/api/worker/client.gen.go:1060.16,1062.3 1 0
autoteam/api/worker/client.gen.go:1064.2,1069.9 2 0
autoteam/api/worker/client.gen.go:1070.89,1072.58 2 0
autoteam/api/worker/client.gen.go:1072.58,1074.4 1 0
autoteam/api/worker/client.gen.go:1075.3,1075.27 1 0
autoteam/api/worker/client.gen.go:1077.89,1079.58 2 0
autoteam/api/worker/client.gen.go:1079.58,1081.4 1 0
autoteam/api/worker/client.gen.go:1082.3,1082.27 1 0
autoteam/api/worker/client.gen.go:1086.2,1086.22 1 0
autoteam/api/worker/client.gen.go:1090.77,1092.15 2 0
autoteam/api/worker/client.gen.go:1092.15,1092.39 1 0
autoteam/api/worker/client.gen.go:1093.2,1093.16 1 0
autoteam/api/worker/client.gen.go:1093.16,1095.3 1 0
autoteam/api/worker/client.gen.go:1097.2,1102.9 2 0
autoteam/api/worker/client.gen.go:1103.89,1105.58 2 0
autoteam/api/worker/client.gen.go:1105.58,1107.4 1 0
autoteam/api/worker/client.gen.go:1108.3,1108.27 1 0
autoteam/api/worker/client.gen.go:1110.89,1112.58 2 0
autoteam/api/worker/client.gen.go:1112.58,1114.4 1 0
autoteam/api/worker/client.gen.go:1115.3,1115.27 1 0
autoteam/api/worker/client.gen.go:1119.2,1119.22 1 0
autoteam/api/worker/client.gen.go:1123.73,1125.15 2 0
autoteam/api/worker/client.gen.go:1125.15,1125.39 1 0
autoteam/api/worker/client.gen.go:1126.2,1126.16 1 0
autoteam/api/worker/client.gen.go:1126.16,1128.3 1 0
autoteam/api/worker/client.gen.go:1130.2,1135.9 2 0
autoteam/api/worker/client.gen.go:1136.89,1138.58 2 0
autoteam/api/worker/client.gen.go:1138.58,1140.4 1 0
autoteam/api/worker/client.gen.go:1141.3,1141.27 1 0
autoteam/api/worker/client.gen.go:1143.89,1145.58 2 0
autoteam/api/worker/client.gen.go:1145.58,1147.4 1 0
autoteam/api/worker/client.gen.go:1148.3,1148.27 1 0
autoteam/api/worker/client.gen.go:1150.89,1152.58 2 0
autoteam/api/worker/client.gen.go:1152.58,1154.4 1 0
autoteam/api/worker/client.gen.go:1155.3,1155.27 1 0
autoteam/api/worker/client.gen.go:1159.2,1159.22 1 0
autoteam/api/worker/client.gen.go:1163.79,1165.15 2 0
autoteam/api/worker/client.gen.go:1165.15,1165.39 1 0
autoteam/api/worker/client.gen.go:1166.2,1166.16 1 0
autoteam/api/worker/client.gen.go:1166.16,1168.3 1 0
autoteam/api/worker/client.gen.go:1170.2,1175.9 2 0
autoteam/api/worker/client.gen.go:1176.89,1178.58 2 0
autoteam/api/worker/client.gen.go:1178.58,1180.4 1 0
autoteam/api/worker/client.gen.go:1181.3,1181.27 1 0
autoteam/api/worker/client.gen.go:1183.89,1185.58 2 0
autoteam/api/worker/client.gen.go:1185.58,1187.4 1 0
autoteam/api/worker/client.gen.go:1188.3,1188.27 1 0
autoteam/api/worker/client.gen.go:1190.89,1192.58 2 0
autoteam/api/worker/client.gen.go:1192.58,1194.4 1 0
autoteam/api/worker/client.gen.go:1195.3,1195.27 1 0
autoteam/api/worker/client.gen.go:1199.2,1199.22 1 0
autoteam/api/worker/client.gen.go:1203.79,1205.15 2 0
autoteam/api/worker/client.gen.go:1205.15,1205.39 1 0
autoteam/api/worker/client.gen.go:1206.2,1206.16 1 0
autoteam/api/worker/client.gen.go:1206.16,1208.3 1 0
autoteam/api/worker/client.gen.go:1210.2,1215.9 2 0
autoteam/api/worker/client.gen.go:1216.89,1218.58 2 0
autoteam/api/worker/client.gen.go:1218.58,1220.4 1 0
autoteam/api/worker/client.gen.go:1221.3,1221.27 1 0
autoteam/api/worker/client.gen.go:1223.89,1225.58 2 0
autoteam/api/worker/client.gen.go:1225.58,1227.4 1 0
autoteam/api/worker/client.gen.go:1228.3,1228.27 1 0
autoteam/api/worker/client.gen.go:1232.2,1232.22 1 0
autoteam/api/worker/client.gen.go:1236.87,1238.15 2 0
autoteam/api/worker/client.gen.go:1238.15,1238.39 1 0
autoteam/api/worker/client.gen.go:1239.2,1239.16 1 0
autoteam/api/worker/client.gen.go:1239.16,1241.3 1 0
autoteam/api/worker/client.gen.go:1243.2,1248.9 2 0
autoteam/api/worker/client.gen.go:1249.89,1251.58 2 0
autoteam/api/worker/client.gen.go:1251.58,1253.4 1 0
autoteam/api/worker/client.gen.go:1254.3,1254.27 1 0
autoteam/api/worker/client.gen.go:1258.2,1258.22 1 0
autoteam/api/worker/client.gen.go:1262.77,1264.15 2 0
autoteam/api/worker/client.gen.go:1264.15,1264.39 1 0
autoteam/api/worker/client.gen.go:1265.2,1265.16 1 0
autoteam/api/worker/client.gen.go:1265.16,1267.3 1 0
autoteam/api/worker/client.gen.go:1269.2,1274.9 2 0
autoteam/api/worker/client.gen.go:1275.89,1277.58 2 0
autoteam/api/worker/client.gen.go:1277.58,1279.4 1 0
autoteam/api/worker/client.gen.go:1280.3,1280.27 1 0
autoteam/api/worker/client.gen.go:1282.89,1284.58 2 0
autoteam/api/worker/client.gen.go:1284.58,1286.4 1 0
autoteam/api/worker/client.gen.go:1287.3,1287.27 1 0
autoteam/api/worker/client.gen.go:1291.2,1291.22 1 0
autoteam/api/worker/server.gen.go:162.68,170.2 4 0
autoteam/api/worker/server.gen.go:173.71,181.2 4 0
autoteam/api/worker/server.gen.go:184.66,192.2 4 0
autoteam/api/worker/server.gen.go:195.71,203.2 4 0
autoteam/api/worker/server.gen.go:206.68,214.2 4 0
autoteam/api/worker/server.gen.go:217.66,227.16 5 0
autoteam/api/worker/server.gen.go:227.16,229.3 1 0
autoteam/api/worker/server.gen.go:233.2,234.16 2 0
autoteam/api/worker/server.gen.go:234.16,236.3 1 0
autoteam/api/worker/server.gen.go:239.2,240.12 2 0
autoteam/api/worker/server.gen.go:244.69,250.16 4 0
autoteam/api/worker/server.gen.go:250.16,252.3 1 0
autoteam/api/worker/server.gen.go:254.2,261.16 4 0
autoteam/api/worker/server.gen.go:261.16,263.3 1 0
autoteam/api/worker/server.gen.go:266.2,267.12 2 0
autoteam/api/worker/server.gen.go:271.69,279.2 4 0
autoteam/api/worker/server.gen.go:282.73,290.2 4 0
[...]
autoteam/internal/worker/config.go:184.4,184.17 1 0
autoteam/internal/worker/config.go:189.2,189.24 1 0
autoteam/internal/worker/config.go:189.24,190.64 1 0
autoteam/internal/worker/config.go:190.64,192.4 1 0
autoteam/internal/worker/config.go:196.2,196.58 1 0
autoteam/internal/worker/config.go:196.58,197.64 1 0
autoteam/internal/worker/config.go:197.64,200.32 2 0
autoteam/internal/worker/config.go:200.32,202.5 1 0
autoteam/internal/worker/config.go:205.4,205.40 1 0
autoteam/internal/worker/config.go:205.40,208.16 2 0
autoteam/internal/worker/config.go:208.16,210.6 1 0
autoteam/internal/worker/config.go:210.11,211.97 1 0
autoteam/internal/worker/config.go:211.97,213.7 1 0
autoteam/internal/worker/config.go:213.12,215.7 1 0
autoteam/internal/worker/config.go:218.4,218.17 1 0
autoteam/internal/worker/config.go:223.2,223.63 1 0
autoteam/internal/worker/config.go:223.63,224.59 1 0
autoteam/internal/worker/config.go:224.59,229.32 2 0
autoteam/internal/worker/config.go:229.32,231.5 1 0
autoteam/internal/worker/config.go:232.4,232.17 1 0
autoteam/internal/worker/config.go:237.2,237.12 1 0
autoteam/internal/worker/config.go:241.51,242.27 1 0
autoteam/internal/worker/config.go:243.25,244.23 1 0
autoteam/internal/worker/config.go:245.30,248.25 2 0
autoteam/internal/worker/config.go:248.25,250.4 1 0
autoteam/internal/worker/config.go:251.3,251.16 1 0
autoteam/internal/worker/config.go:252.16,256.16 3 0
autoteam/internal/worker/config.go:257.21,260.25 2 0
autoteam/internal/worker/config.go:260.25,262.4 1 0
autoteam/internal/worker/config.go:263.3,263.16 1 0
autoteam/internal/worker/config.go:264.10,266.15 1 0
autoteam/internal/worker/config.go:271.78,272.19 1 0
autoteam/internal/worker/config.go:272.19,274.3 1 0
autoteam/internal/worker/config.go:276.2,277.33 2 0
autoteam/internal/worker/config.go:277.33,279.50 1 0
autoteam/internal/worker/config.go:279.50,281.29 2 0
autoteam/internal/worker/config.go:281.29,283.5 1 0
autoteam/internal/worker/config.go:284.4,284.27 1 0
autoteam/internal/worker/config.go:285.9,285.50 1 0
autoteam/internal/worker/config.go:285.50,290.4 3 0
autoteam/internal/worker/config.go:290.9,293.4 1 0
autoteam/internal/worker/config.go:295.2,295.15 1 0
autoteam/internal/worker/config.go:300.108,301.64 1 0
autoteam/internal/worker/config.go:301.64,303.3 1 0
autoteam/internal/worker/config.go:305.2,308.45 2 0
autoteam/internal/worker/config.go:308.45,310.3 1 0
autoteam/internal/worker/config.go:313.2,313.53 1 0
autoteam/internal/worker/config.go:313.53,315.3 1 0
autoteam/internal/worker/config.go:317.2,317.15 1 0
autoteam/internal/worker/config.go:321.48,327.24 2 0
autoteam/internal/worker/config.go:327.24,330.3 2 0
autoteam/internal/worker/config.go:333.2,333.23 1 0
autoteam/internal/worker/config.go:333.23,335.3 1 0
autoteam/internal/worker/config.go:337.2,337.15 1 0
autoteam/internal/worker/config.go:341.53,342.19 1 0
autoteam/internal/worker/config.go:342.19,344.3 1 0
autoteam/internal/worker/config.go:346.2,349.26 2 0
autoteam/internal/worker/config.go:349.26,351.3 1 0
autoteam/internal/worker/config.go:352.2,352.27 1 0
autoteam/internal/worker/config.go:352.27,354.3 1 0
autoteam/internal/worker/config.go:355.2,355.26 1 0
autoteam/internal/worker/config.go:355.26,357.3 1 0
autoteam/internal/worker/config.go:358.2,358.27 1 0
autoteam/internal/worker/config.go:358.27,360.3 1 0
autoteam/internal/worker/config.go:362.2,362.15 1 0
autoteam/internal/worker/config.go:366.59,367.19 1 0
autoteam/internal/worker/config.go:367.19,369.3 1 0
autoteam/internal/worker/config.go:371.2,372.29 2 0
autoteam/internal/worker/config.go:372.29,378.22 2 0
autoteam/internal/worker/config.go:378.22,381.4 2 0
autoteam/internal/worker/config.go:384.3,384.21 1 0
autoteam/internal/worker/config.go:384.21,386.4 1 0
autoteam/internal/worker/config.go:389.3,389.28 1 0
autoteam/internal/worker/config.go:389.28,391.4 1 0
autoteam/internal/worker/config.go:392.3,392.25 1 0
autoteam/internal/worker/config.go:392.25,394.4 1 0
autoteam/internal/worker/config.go:395.3,395.28 1 0
autoteam/internal/worker/config.go:395.28,397.4 1 0
autoteam/internal/worker/config.go:398.3,398.29 1 0
autoteam/internal/worker/config.go:398.29,400.4 1 0
autoteam/internal/worker/config.go:403.2,403.15 1 0
autoteam/internal/worker/config.go:407.68,408.24 1 0
autoteam/internal/worker/config.go:408.24,410.3 1 0
autoteam/internal/worker/config.go:411.2,411.19 1 0
autoteam/internal/worker/config.go:411.19,413.3 1 0
autoteam/internal/worker/config.go:414.2,414.12 1 0
autoteam/internal/worker/config.go:418.63,421.33 2 0
autoteam/internal/worker/config.go:421.33,423.3 1 0
autoteam/internal/worker/config.go:424.2,424.28 1 0
autoteam/internal/worker/config.go:424.28,426.3 1 0
autoteam/internal/worker/config.go:427.2,427.31 1 0
autoteam/internal/worker/config.go:427.31,429.3 1 0
autoteam/internal/worker/config.go:430.2,430.32 1 0
autoteam/internal/worker/config.go:430.32,432.3 1 0
autoteam/internal/worker/config.go:433.2,433.31 1 0
autoteam/internal/worker/config.go:433.31,435.3 1 0
autoteam/internal/worker/config.go:438.2,438.27 1 0
autoteam/internal/worker/config.go:438.27,440.3 1 0
autoteam/internal/worker/config.go:443.2,443.30 1 0
autoteam/internal/worker/config.go:443.30,445.39 2 0
autoteam/internal/worker/config.go:445.39,447.4 1 0
autoteam/internal/worker/config.go:451.2,454.25 2 0
autoteam/internal/worker/config.go:454.25,456.3 1 0
autoteam/internal/worker/config.go:459.2,459.24 1 0
autoteam/internal/worker/config.go:459.24,461.3 1 0
autoteam/internal/worker/config.go:464.2,464.26 1 0
autoteam/internal/worker/config.go:464.26,467.3 2 0
autoteam/internal/worker/config.go:469.2,469.15 1 0
autoteam/internal/worker/hooks.go:17.87,19.21 2 0
autoteam/internal/worker/hooks.go:19.21,21.3 1 0
autoteam/internal/worker/hooks.go:23.2,28.29 3 0
autoteam/internal/worker/hooks.go:28.29,29.63 1 0
autoteam/internal/worker/hooks.go:29.63,37.30 3 0
autoteam/internal/worker/hooks.go:37.30,39.5 1 0
autoteam/internal/worker/hooks.go:41.4,41.22 1 0
autoteam/internal/worker/hooks.go:42.18,44.13 2 0
autoteam/internal/worker/hooks.go:45.19,46.83 1 0
autoteam/internal/worker/hooks.go:47.17,49.13 2 0
autoteam/internal/worker/hooks.go:50.12,51.54 1 0
autoteam/internal/worker/hooks.go:56.2,57.12 2 0
autoteam/internal/worker/hooks.go:61.91,65.29 3 0
autoteam/internal/worker/hooks.go:65.29,67.3 1 0
autoteam/internal/worker/hooks.go:69.2,78.28 3 0
autoteam/internal/worker/hooks.go:78.28,80.3 1 0
autoteam/internal/worker/hooks.go:83.2,84.25 2 0
autoteam/internal/worker/hooks.go:84.25,86.3 1 0
autoteam/internal/worker/hooks.go:89.2,98.35 6 0
autoteam/internal/worker/hooks.go:98.35,100.3 1 0
autoteam/internal/worker/hooks.go:103.2,105.16 2 0
autoteam/internal/worker/hooks.go:105.16,114.3 2 0
autoteam/internal/worker/hooks.go:116.2,116.21 1 0
autoteam/internal/worker/hooks.go:116.21,121.3 1 0
autoteam/internal/worker/hooks.go:123.2,127.12 2 0
autoteam/internal/worker/hooks.go:131.79,132.23 1 0
autoteam/internal/worker/hooks.go:132.23,134.3 1 0
autoteam/internal/worker/hooks.go:136.2,136.19 1 0
autoteam/internal/worker/hooks.go:137.17,138.27 1 0
autoteam/internal/worker/hooks.go:139.18,140.28 1 0
autoteam/internal/worker/hooks.go:141.17,142.27 1 0
autoteam/internal/worker/hooks.go:143.18,144.28 1 0
autoteam/internal/worker/hooks.go:145.10,146.13 1 0
autoteam/internal/worker/types.go:92.63,96.29 2 0
autoteam/internal/worker/types.go:96.29,98.3 1 0
autoteam/internal/worker/types.go:101.2,101.74 1 0
autoteam/internal/worker/types.go:101.74,103.3 1 0
autoteam/internal/worker/types.go:105.2,105.27 1 0
autoteam/internal/worker/types.go:105.27,107.3 1 0
autoteam/internal/worker/types.go:109.2,109.42 1 0
autoteam/internal/worker/types.go:113.46,129.2 7 1
autoteam/internal/worker/types.go:132.45,134.2 1 1
autoteam/internal/worker/types.go:138.74,140.21 2 0
autoteam/internal/worker/types.go:140.21,142.3 1 0
autoteam/internal/worker/types.go:143.2,143.56 1 0
autoteam/internal/worker/types.go:147.40,149.2 1 1
autoteam/internal/worker/types.go:152.59,153.21 1 0
autoteam/internal/worker/types.go:153.21,155.3 1 0
autoteam/internal/worker/types.go:156.2,156.58 1 0
autoteam/internal/worker/types.go:160.35,161.22 1 1
autoteam/internal/worker/types.go:161.22,163.3 1 1
autoteam/internal/worker/types.go:164.2,164.19 1 1
autoteam/internal/worker/types.go:168.49,169.28 1 1
autoteam/internal/worker/types.go:169.28,171.3 1 0
autoteam/internal/worker/types.go:172.2,172.11 1 1
autoteam/internal/worker/types.go:175.47,176.23 1 1
autoteam/internal/worker/types.go:176.23,178.3 1 0
autoteam/internal/worker/types.go:179.2,179.19 1 1
autoteam/internal/worker/types.go:182.44,183.23 1 1
autoteam/internal/worker/types.go:183.23,185.3 1 1
autoteam/internal/worker/types.go:186.2,186.13 1 1
autoteam/internal/worker/types.go:189.48,190.26 1 1
autoteam/internal/worker/types.go:190.26,192.3 1 0
autoteam/internal/worker/types.go:193.2,193.14 1 1
autoteam/internal/worker/types.go:196.51,197.27 1 1
autoteam/internal/worker/types.go:197.27,199.3 1 0
autoteam/internal/worker/types.go:200.2,200.11 1 1
autoteam/internal/worker/types.go:203.47,204.26 1 1
autoteam/internal/worker/types.go:204.26,206.3 1 0
autoteam/internal/worker/types.go:207.2,207.10 1 1
autoteam/internal/worker/types.go:210.42,211.20 1 1
autoteam/internal/worker/types.go:211.20,213.3 1 0
autoteam/internal/worker/types.go:214.2,214.14 1 1
autoteam/internal/worker/types.go:253.84,257.46 2 0
autoteam/internal/worker/types.go:257.46,264.3 1 0
autoteam/internal/worker/types.go:266.2,277.3 1 0
autoteam/internal/worker/types.go:281.64,282.37 1 0
autoteam/internal/worker/types.go:282.37,284.3 1 0
autoteam/internal/worker/types.go:285.2,285.18 1 0
autoteam/internal/worker/types.go:289.69,291.2 1 0
autoteam/internal/worker/types.go:294.44,296.2 1 0
autoteam/internal/worker/types.go:299.60,301.2 1 0
autoteam/internal/worker/types.go:303.54,305.2 1 0
autoteam/internal/worker/types.go:307.52,309.2 1 0
autoteam/internal/worker/types.go:311.57,313.2 1 0
autoteam/internal/worker/types.go:315.48,317.2 1 0
autoteam/internal/worker/types.go:319.60,321.2 1 0
autoteam/internal/worker/types.go:323.56,325.13 2 0
autoteam/internal/worker/types.go:325.13,328.3 2 0
autoteam/internal/worker/types.go:331.52,334.2 2 0
autoteam/internal/worker/types.go:337.56,339.2 1 0
autoteam/internal/worker/types.go:341.72,346.2 3 0
autoteam/internal/worker/types.go:348.71,354.33 4 0
autoteam/internal/worker/types.go:354.33,356.3 1 0
autoteam/internal/worker/types.go:357.2,357.15 1 0
autoteam/internal/worker/types.go:361.75,365.53 3 0
autoteam/internal/worker/types.go:365.53,367.3 1 0
autoteam/internal/worker/types.go:370.116,374.53 3 0
autoteam/internal/worker/types.go:374.53,380.14 5 0
autoteam/internal/worker/types.go:380.14,384.4 2 0
autoteam/internal/worker/types.go:384.9,386.23 1 0
autoteam/internal/worker/types.go:386.23,388.5 1 0
autoteam/internal/worker/types.go:391.3,391.20 1 0
autoteam/internal/worker/types.go:391.20,394.28 2 0
autoteam/internal/worker/types.go:394.28,396.5 1 0
autoteam/internal/worker/types.go:397.4,397.33 1 0
autoteam/internal/worker/types.go:403.65,407.13 4 0
autoteam/internal/worker/types.go:407.13,409.3 1 0
autoteam/internal/worker/types.go:419.74,425.2 2 0
autoteam/internal/worker/types.go:431.40,433.2 1 0
autoteam/internal/worker/types.go:436.71,438.2 1 0
autoteam/internal/worker/types.go:441.64,443.2 1 0
autoteam/internal/worker/types.go:446.46,448.2 1 0
autoteam/internal/worker/types.go:451.51,453.2 1 0
autoteam/internal/worker/types.go:455.67,457.2 1 0
autoteam/internal/worker/types.go:459.66,461.2 1 0
autoteam/internal/worker/types.go:463.70,465.2 1 0
autoteam/internal/worker/types.go:467.111,469.2 1 0
autoteam/internal/worker/types.go:471.60,473.2 1 0
autoteam/internal/agent/claude_code.go:29.123,37.2 1 1
autoteam/internal/agent/claude_code.go:40.36,42.2 1 0
autoteam/internal/agent/claude_code.go:45.36,47.2 1 1
autoteam/internal/agent/claude_code.go:50.104,56.38 3 0
autoteam/internal/agent/claude_code.go:56.38,58.3 1 0
autoteam/internal/agent/claude_code.go:61.2,64.26 2 0
autoteam/internal/agent/claude_code.go:64.26,66.3 1 0
autoteam/internal/agent/claude_code.go:69.2,85.26 9 0
autoteam/internal/agent/claude_code.go:85.26,87.3 1 0
autoteam/internal/agent/claude_code.go:89.2,95.34 2 0
autoteam/internal/agent/claude_code.go:95.34,100.3 1 0
autoteam/internal/agent/claude_code.go:102.2,105.8 1 0
autoteam/internal/agent/claude_code.go:109.60,112.2 2 0
autoteam/internal/agent/claude_code.go:115.67,119.25 3 0
autoteam/internal/agent/claude_code.go:119.25,121.3 1 0
autoteam/internal/agent/claude_code.go:123.2,124.12 2 0
autoteam/internal/agent/claude_code.go:128.67,131.16 3 1
autoteam/internal/agent/claude_code.go:131.16,133.3 1 0
autoteam/internal/agent/claude_code.go:134.2,134.47 1 1
autoteam/internal/agent/claude_code.go:138.56,143.2 4 0
autoteam/internal/agent/claude_code.go:146.43,155.27 3 0
autoteam/internal/agent/claude_code.go:155.27,158.3 2 0
autoteam/internal/agent/claude_code.go:160.2,160.13 1 0
autoteam/internal/agent/claude_code.go:164.59,166.2 1 0
autoteam/internal/agent/claude_code.go:169.89,172.28 2 0
autoteam/internal/agent/claude_code.go:172.28,175.3 2 0
autoteam/internal/agent/claude_code.go:177.2,180.51 2 0
autoteam/internal/agent/claude_code.go:180.51,182.3 1 0
autoteam/internal/agent/claude_code.go:184.2,185.12 2 0
autoteam/internal/agent/claude_code.go:189.48,193.2 1 0
autoteam/internal/agent/claude_code.go:196.69,203.71 4 0
autoteam/internal/agent/claude_code.go:203.71,205.3 1 0
autoteam/internal/agent/claude_code.go:208.2,209.41 2 0
autoteam/internal/agent/claude_code.go:209.41,214.27 2 0
autoteam/internal/agent/claude_code.go:214.27,216.4 1 0
autoteam/internal/agent/claude_code.go:218.3,218.26 1 0
autoteam/internal/agent/claude_code.go:218.26,220.4 1 0
autoteam/internal/agent/claude_code.go:222.3,222.37 1 0
autoteam/internal/agent/claude_code.go:226.2,232.16 3 0
autoteam/internal/agent/claude_code.go:232.16,234.3 1 0
autoteam/internal/agent/claude_code.go:237.2,237.64 1 0
autoteam/internal/agent/claude_code.go:237.64,239.3 1 0
autoteam/internal/agent/claude_code.go:241.2,245.12 2 0
autoteam/internal/agent/claude_code.go:249.76,251.2 1 0
autoteam/internal/agent/debug_agent.go:21.117,28.2 1 1
autoteam/internal/agent/debug_agent.go:31.36,33.2 1 0
autoteam/internal/agent/debug_agent.go:36.36,38.2 1 1
autoteam/internal/agent/debug_agent.go:41.104,49.9 5 0
autoteam/internal/agent/debug_agent.go:50.55,50.55 0 0
autoteam/internal/agent/debug_agent.go:52.20,57.15 1 0
autoteam/internal/agent/debug_agent.go:60.2,60.15 1 0
autoteam/internal/agent/debug_agent.go:60.15,65.3 1 0
autoteam/internal/agent/debug_agent.go:67.2,70.48 1 0
autoteam/internal/agent/debug_agent.go:74.60,76.2 1 0
autoteam/internal/agent/debug_agent.go:79.67,81.2 1 0
autoteam/internal/agent/debug_agent.go:84.67,86.2 1 1
autoteam/internal/agent/factory.go:18.111,19.26 1 1
autoteam/internal/agent/factory.go:20.27,22.20 2 1
autoteam/internal/agent/factory.go:23.22,25.20 2 1
autoteam/internal/agent/factory.go:26.25,28.20 2 1
autoteam/internal/agent/factory.go:29.26,31.20 2 1
autoteam/internal/agent/factory.go:32.10,33.73 1 1
autoteam/internal/agent/gemini_cli.go:28.121,36.2 1 1
autoteam/internal/agent/gemini_cli.go:39.35,41.2 1 0
autoteam/internal/agent/gemini_cli.go:44.35,46.2 1 1
autoteam/internal/agent/gemini_cli.go:49.103,56.26 3 0
autoteam/internal/agent/gemini_cli.go:56.26,58.3 1 0
autoteam/internal/agent/gemini_cli.go:61.2,71.36 4 0
autoteam/internal/agent/gemini_cli.go:71.36,73.3 1 0
autoteam/internal/agent/gemini_cli.go:73.8,76.3 1 0
autoteam/internal/agent/gemini_cli.go:79.2,91.31 6 0
autoteam/internal/agent/gemini_cli.go:91.31,93.3 1 0
autoteam/internal/agent/gemini_cli.go:95.2,95.34 1 0
autoteam/internal/agent/gemini_cli.go:95.34,100.3 1 0
autoteam/internal/agent/gemini_cli.go:102.2,105.8 1 0
autoteam/internal/agent/gemini_cli.go:109.59,112.2 2 0
autoteam/internal/agent/gemini_cli.go:115.66,119.25 3 0
autoteam/internal/agent/gemini_cli.go:119.25,121.3 1 0
autoteam/internal/agent/gemini_cli.go:123.2,124.12 2 0
autoteam/internal/agent/gemini_cli.go:128.66,131.16 3 1
autoteam/internal/agent/gemini_cli.go:131.16,133.3 1 0
autoteam/internal/agent/gemini_cli.go:134.2,134.47 1 1
autoteam/internal/agent/gemini_cli.go:138.42,149.2 3 0
autoteam/internal/agent/gemini_cli.go:152.58,154.2 1 0
autoteam/internal/agent/gemini_cli.go:157.88,160.28 2 0
autoteam/internal/agent/gemini_cli.go:160.28,163.3 2 0
autoteam/internal/agent/gemini_cli.go:165.2,168.51 2 0
autoteam/internal/agent/gemini_cli.go:168.51,170.3 1 0
autoteam/internal/agent/gemini_cli.go:172.2,173.12 2 0
autoteam/internal/agent/gemini_cli.go:178.47,182.2 1 0
autoteam/internal/agent/gemini_cli.go:185.68,192.71 4 0
autoteam/internal/agent/gemini_cli.go:192.71,194.3 1 0
autoteam/internal/agent/gemini_cli.go:197.2,200.65 2 0
autoteam/internal/agent/gemini_cli.go:200.65,201.69 1 0
autoteam/internal/agent/gemini_cli.go:201.69,204.4 2 0
autoteam/internal/agent/gemini_cli.go:208.2,209.41 2 0
autoteam/internal/agent/gemini_cli.go:209.41,214.27 2 0
autoteam/internal/agent/gemini_cli.go:214.27,216.4 1 0
autoteam/internal/agent/gemini_cli.go:218.3,218.26 1 0
autoteam/internal/agent/gemini_cli.go:218.26,220.4 1 0
autoteam/internal/agent/gemini_cli.go:222.3,222.37 1 0
autoteam/internal/agent/gemini_cli.go:226.2,230.16 3 0
autoteam/internal/agent/gemini_cli.go:230.16,232.3 1 0
autoteam/internal/agent/gemini_cli.go:235.2,235.64 1 0
autoteam/internal/agent/gemini_cli.go:235.64,237.3 1 0
autoteam/internal/agent/gemini_cli.go:239.2,243.12 2 0
autoteam/internal/agent/gemini_cli.go:247.75,249.2 1 0
autoteam/internal/agent/qwen_code.go:29.119,37.2 1 1
autoteam/internal/agent/qwen_code.go:40.34,42.2 1 0
autoteam/internal/agent/qwen_code.go:45.34,47.2 1 1
autoteam/internal/agent/qwen_code.go:50.102,57.26 3 0
autoteam/internal/agent/qwen_code.go:57.26,59.3 1 0
autoteam/internal/agent/qwen_code.go:62.2,68.36 3 0
autoteam/internal/agent/qwen_code.go:68.36,70.3 1 0
autoteam/internal/agent/qwen_code.go:70.8,73.3 1 0
autoteam/internal/agent/qwen_code.go:75.2,82.31 5 0
autoteam/internal/agent/qwen_code.go:82.31,84.3 1 0
autoteam/internal/agent/qwen_code.go:86.2,92.34 2 0
autoteam/internal/agent/qwen_code.go:92.34,97.3 1 0
autoteam/internal/agent/qwen_code.go:99.2,102.8 1 0
autoteam/internal/agent/qwen_code.go:106.58,109.2 2 0
autoteam/internal/agent/qwen_code.go:112.65,116.25 3 0
autoteam/internal/agent/qwen_code.go:116.25,118.3 1 0
autoteam/internal/agent/qwen_code.go:120.2,121.12 2 0
autoteam/internal/agent/qwen_code.go:125.65,128.16 3 1
autoteam/internal/agent/qwen_code.go:128.16,130.3 1 0
autoteam/internal/agent/qwen_code.go:131.2,131.47 1 1
autoteam/internal/agent/qwen_code.go:135.41,145.2 3 0
autoteam/internal/agent/qwen_code.go:148.57,150.2 1 0
autoteam/internal/agent/qwen_code.go:153.87,156.28 2 0
autoteam/internal/agent/qwen_code.go:156.28,159.3 2 0
autoteam/internal/agent/qwen_code.go:161.2,164.51 2 0
autoteam/internal/agent/qwen_code.go:164.51,166.3 1 0
autoteam/internal/agent/qwen_code.go:168.2,169.12 2 0
autoteam/internal/agent/qwen_code.go:174.46,178.2 1 0
autoteam/internal/agent/qwen_code.go:181.67,188.71 4 0
autoteam/internal/agent/qwen_code.go:188.71,190.3 1 0
autoteam/internal/agent/qwen_code.go:193.2,196.65 2 0
autoteam/internal/agent/qwen_code.go:196.65,197.67 1 0
autoteam/internal/agent/qwen_code.go:197.67,200.4 2 0
autoteam/internal/agent/qwen_code.go:204.2,205.41 2 0
autoteam/internal/agent/qwen_code.go:205.41,210.27 2 0
autoteam/internal/agent/qwen_code.go:210.27,212.4 1 0
autoteam/internal/agent/qwen_code.go:214.3,214.26 1 0
autoteam/internal/agent/qwen_code.go:214.26,216.4 1 0
autoteam/internal/agent/qwen_code.go:218.3,218.37 1 0
autoteam/internal/agent/qwen_code.go:222.2,226.16 3 0
autoteam/internal/agent/qwen_code.go:226.16,228.3 1 0
autoteam/internal/agent/qwen_code.go:231.2,231.64 1 0
autoteam/internal/agent/qwen_code.go:231.64,233.3 1 0
autoteam/internal/agent/qwen_code.go:235.2,239.12 2 0
autoteam/internal/agent/qwen_code.go:243.74,245.2 1 0
